{"C:\\Users\\Usuario\\Documents\\VMRC-DWES\\t1\\ej21-api-pagination\\ejercicios\\trabajoextra\\src\\app.js": {"path":"C:\\Users\\Usuario\\Documents\\VMRC-DWES\\t1\\ej21-api-pagination\\ejercicios\\trabajoextra\\src\\app.js","statementMap":{"0":{"start":{"line":8,"column":12},"end":{"line":8,"column":21}},"1":{"start":{"line":11,"column":0},"end":{"line":11,"column":24}},"2":{"start":{"line":12,"column":0},"end":{"line":16,"column":4}},"3":{"start":{"line":14,"column":26},"end":{"line":14,"column":53}},"4":{"start":{"line":19,"column":0},"end":{"line":19,"column":35}},"5":{"start":{"line":20,"column":0},"end":{"line":20,"column":33}},"6":{"start":{"line":23,"column":0},"end":{"line":23,"column":22}}},"fnMap":{"0":{"name":"(anonymous_0)","decl":{"start":{"line":14,"column":15},"end":{"line":14,"column":16}},"loc":{"start":{"line":14,"column":26},"end":{"line":14,"column":53}},"line":14}},"branchMap":{},"s":{"0":2,"1":2,"2":2,"3":11,"4":2,"5":2,"6":2},"f":{"0":11},"b":{},"_coverageSchema":"1a1c01bbd47fc00a2c39e90264f33305004495a9","hash":"81b2ad3194832099f14b50079e4fb3ea29ec024b"}
,"C:\\Users\\Usuario\\Documents\\VMRC-DWES\\t1\\ej21-api-pagination\\ejercicios\\trabajoextra\\src\\controllers\\auth.controller.js": {"path":"C:\\Users\\Usuario\\Documents\\VMRC-DWES\\t1\\ej21-api-pagination\\ejercicios\\trabajoextra\\src\\controllers\\auth.controller.js","statementMap":{"0":{"start":{"line":4,"column":21},"end":{"line":50,"column":1}},"1":{"start":{"line":5,"column":33},"end":{"line":5,"column":41}},"2":{"start":{"line":7,"column":20},"end":{"line":7,"column":42}},"3":{"start":{"line":8,"column":20},"end":{"line":8,"column":42}},"4":{"start":{"line":9,"column":20},"end":{"line":9,"column":42}},"5":{"start":{"line":10,"column":21},"end":{"line":10,"column":55}},"6":{"start":{"line":12,"column":2},"end":{"line":13,"column":61}},"7":{"start":{"line":13,"column":4},"end":{"line":13,"column":61}},"8":{"start":{"line":15,"column":2},"end":{"line":18,"column":3}},"9":{"start":{"line":16,"column":4},"end":{"line":16,"column":43}},"10":{"start":{"line":17,"column":4},"end":{"line":17,"column":84}},"11":{"start":{"line":21,"column":2},"end":{"line":22,"column":81}},"12":{"start":{"line":22,"column":4},"end":{"line":22,"column":81}},"13":{"start":{"line":24,"column":24},"end":{"line":24,"column":29}},"14":{"start":{"line":25,"column":2},"end":{"line":36,"column":3}},"15":{"start":{"line":27,"column":4},"end":{"line":32,"column":5}},"16":{"start":{"line":28,"column":6},"end":{"line":28,"column":66}},"17":{"start":{"line":31,"column":6},"end":{"line":31,"column":47}},"18":{"start":{"line":34,"column":4},"end":{"line":34,"column":56}},"19":{"start":{"line":35,"column":4},"end":{"line":35,"column":62}},"20":{"start":{"line":38,"column":2},"end":{"line":39,"column":81}},"21":{"start":{"line":39,"column":4},"end":{"line":39,"column":81}},"22":{"start":{"line":42,"column":2},"end":{"line":47,"column":3}},"23":{"start":{"line":43,"column":4},"end":{"line":43,"column":99}},"24":{"start":{"line":45,"column":4},"end":{"line":45,"column":46}},"25":{"start":{"line":46,"column":4},"end":{"line":46,"column":62}},"26":{"start":{"line":49,"column":2},"end":{"line":49,"column":79}},"27":{"start":{"line":53,"column":25},"end":{"line":93,"column":1}},"28":{"start":{"line":54,"column":33},"end":{"line":54,"column":41}},"29":{"start":{"line":56,"column":20},"end":{"line":56,"column":42}},"30":{"start":{"line":57,"column":20},"end":{"line":57,"column":42}},"31":{"start":{"line":58,"column":20},"end":{"line":58,"column":42}},"32":{"start":{"line":59,"column":21},"end":{"line":59,"column":55}},"33":{"start":{"line":61,"column":2},"end":{"line":62,"column":61}},"34":{"start":{"line":62,"column":4},"end":{"line":62,"column":61}},"35":{"start":{"line":64,"column":2},"end":{"line":67,"column":3}},"36":{"start":{"line":65,"column":4},"end":{"line":65,"column":43}},"37":{"start":{"line":66,"column":4},"end":{"line":66,"column":84}},"38":{"start":{"line":69,"column":24},"end":{"line":69,"column":29}},"39":{"start":{"line":70,"column":2},"end":{"line":79,"column":3}},"40":{"start":{"line":71,"column":4},"end":{"line":75,"column":5}},"41":{"start":{"line":72,"column":6},"end":{"line":72,"column":66}},"42":{"start":{"line":74,"column":6},"end":{"line":74,"column":47}},"43":{"start":{"line":77,"column":4},"end":{"line":77,"column":56}},"44":{"start":{"line":78,"column":4},"end":{"line":78,"column":62}},"45":{"start":{"line":81,"column":2},"end":{"line":82,"column":81}},"46":{"start":{"line":82,"column":4},"end":{"line":82,"column":81}},"47":{"start":{"line":85,"column":2},"end":{"line":90,"column":3}},"48":{"start":{"line":86,"column":4},"end":{"line":86,"column":99}},"49":{"start":{"line":88,"column":4},"end":{"line":88,"column":46}},"50":{"start":{"line":89,"column":4},"end":{"line":89,"column":62}},"51":{"start":{"line":92,"column":2},"end":{"line":92,"column":38}}},"fnMap":{"0":{"name":"(anonymous_0)","decl":{"start":{"line":4,"column":21},"end":{"line":4,"column":22}},"loc":{"start":{"line":4,"column":41},"end":{"line":50,"column":1}},"line":4},"1":{"name":"(anonymous_1)","decl":{"start":{"line":53,"column":25},"end":{"line":53,"column":26}},"loc":{"start":{"line":53,"column":45},"end":{"line":93,"column":1}},"line":53}},"branchMap":{"0":{"loc":{"start":{"line":10,"column":21},"end":{"line":10,"column":55}},"type":"binary-expr","locations":[{"start":{"line":10,"column":21},"end":{"line":10,"column":47}},{"start":{"line":10,"column":51},"end":{"line":10,"column":55}}],"line":10},"1":{"loc":{"start":{"line":12,"column":2},"end":{"line":13,"column":61}},"type":"if","locations":[{"start":{"line":12,"column":2},"end":{"line":13,"column":61}},{"start":{},"end":{}}],"line":12},"2":{"loc":{"start":{"line":12,"column":6},"end":{"line":12,"column":28}},"type":"binary-expr","locations":[{"start":{"line":12,"column":6},"end":{"line":12,"column":15}},{"start":{"line":12,"column":19},"end":{"line":12,"column":28}}],"line":12},"3":{"loc":{"start":{"line":15,"column":2},"end":{"line":18,"column":3}},"type":"if","locations":[{"start":{"line":15,"column":2},"end":{"line":18,"column":3}},{"start":{},"end":{}}],"line":15},"4":{"loc":{"start":{"line":15,"column":6},"end":{"line":15,"column":44}},"type":"binary-expr","locations":[{"start":{"line":15,"column":6},"end":{"line":15,"column":16}},{"start":{"line":15,"column":20},"end":{"line":15,"column":30}},{"start":{"line":15,"column":34},"end":{"line":15,"column":44}}],"line":15},"5":{"loc":{"start":{"line":21,"column":2},"end":{"line":22,"column":81}},"type":"if","locations":[{"start":{"line":21,"column":2},"end":{"line":22,"column":81}},{"start":{},"end":{}}],"line":21},"6":{"loc":{"start":{"line":27,"column":4},"end":{"line":32,"column":5}},"type":"if","locations":[{"start":{"line":27,"column":4},"end":{"line":32,"column":5}},{"start":{"line":29,"column":11},"end":{"line":32,"column":5}}],"line":27},"7":{"loc":{"start":{"line":27,"column":8},"end":{"line":27,"column":67}},"type":"binary-expr","locations":[{"start":{"line":27,"column":8},"end":{"line":27,"column":37}},{"start":{"line":27,"column":41},"end":{"line":27,"column":67}}],"line":27},"8":{"loc":{"start":{"line":38,"column":2},"end":{"line":39,"column":81}},"type":"if","locations":[{"start":{"line":38,"column":2},"end":{"line":39,"column":81}},{"start":{},"end":{}}],"line":38},"9":{"loc":{"start":{"line":59,"column":21},"end":{"line":59,"column":55}},"type":"binary-expr","locations":[{"start":{"line":59,"column":21},"end":{"line":59,"column":47}},{"start":{"line":59,"column":51},"end":{"line":59,"column":55}}],"line":59},"10":{"loc":{"start":{"line":61,"column":2},"end":{"line":62,"column":61}},"type":"if","locations":[{"start":{"line":61,"column":2},"end":{"line":62,"column":61}},{"start":{},"end":{}}],"line":61},"11":{"loc":{"start":{"line":61,"column":6},"end":{"line":61,"column":28}},"type":"binary-expr","locations":[{"start":{"line":61,"column":6},"end":{"line":61,"column":15}},{"start":{"line":61,"column":19},"end":{"line":61,"column":28}}],"line":61},"12":{"loc":{"start":{"line":64,"column":2},"end":{"line":67,"column":3}},"type":"if","locations":[{"start":{"line":64,"column":2},"end":{"line":67,"column":3}},{"start":{},"end":{}}],"line":64},"13":{"loc":{"start":{"line":64,"column":6},"end":{"line":64,"column":44}},"type":"binary-expr","locations":[{"start":{"line":64,"column":6},"end":{"line":64,"column":16}},{"start":{"line":64,"column":20},"end":{"line":64,"column":30}},{"start":{"line":64,"column":34},"end":{"line":64,"column":44}}],"line":64},"14":{"loc":{"start":{"line":71,"column":4},"end":{"line":75,"column":5}},"type":"if","locations":[{"start":{"line":71,"column":4},"end":{"line":75,"column":5}},{"start":{"line":73,"column":11},"end":{"line":75,"column":5}}],"line":71},"15":{"loc":{"start":{"line":71,"column":8},"end":{"line":71,"column":67}},"type":"binary-expr","locations":[{"start":{"line":71,"column":8},"end":{"line":71,"column":37}},{"start":{"line":71,"column":41},"end":{"line":71,"column":67}}],"line":71},"16":{"loc":{"start":{"line":81,"column":2},"end":{"line":82,"column":81}},"type":"if","locations":[{"start":{"line":81,"column":2},"end":{"line":82,"column":81}},{"start":{},"end":{}}],"line":81}},"s":{"0":3,"1":10,"2":10,"3":10,"4":10,"5":10,"6":10,"7":2,"8":8,"9":1,"10":1,"11":7,"12":1,"13":6,"14":6,"15":6,"16":2,"17":4,"18":1,"19":1,"20":5,"21":1,"22":4,"23":4,"24":1,"25":1,"26":3,"27":3,"28":1,"29":1,"30":1,"31":1,"32":1,"33":1,"34":0,"35":1,"36":0,"37":0,"38":1,"39":1,"40":1,"41":0,"42":1,"43":0,"44":0,"45":1,"46":0,"47":1,"48":1,"49":0,"50":0,"51":1},"f":{"0":10,"1":1},"b":{"0":[10,10],"1":[2,8],"2":[10,8],"3":[1,7],"4":[8,7,7],"5":[1,6],"6":[2,4],"7":[6,6],"8":[1,4],"9":[1,1],"10":[0,1],"11":[1,1],"12":[0,1],"13":[1,1,1],"14":[0,1],"15":[1,1],"16":[0,1]},"_coverageSchema":"1a1c01bbd47fc00a2c39e90264f33305004495a9","hash":"b068b4b66e544ada9ed58ef6731d84cc567f006a"}
,"C:\\Users\\Usuario\\Documents\\VMRC-DWES\\t1\\ej21-api-pagination\\ejercicios\\trabajoextra\\src\\controllers\\notas.controller.js": {"path":"C:\\Users\\Usuario\\Documents\\VMRC-DWES\\t1\\ej21-api-pagination\\ejercicios\\trabajoextra\\src\\controllers\\notas.controller.js","statementMap":{"0":{"start":{"line":4,"column":14},"end":{"line":4,"column":29}},"1":{"start":{"line":6,"column":4},"end":{"line":6,"column":76}},"2":{"start":{"line":6,"column":37},"end":{"line":6,"column":76}},"3":{"start":{"line":8,"column":20},"end":{"line":18,"column":5}},"4":{"start":{"line":20,"column":19},"end":{"line":20,"column":47}},"5":{"start":{"line":21,"column":4},"end":{"line":21,"column":21}},"6":{"start":{"line":25,"column":17},"end":{"line":25,"column":52}},"7":{"start":{"line":26,"column":4},"end":{"line":26,"column":76}},"8":{"start":{"line":26,"column":15},"end":{"line":26,"column":76}},"9":{"start":{"line":27,"column":4},"end":{"line":27,"column":19}},"10":{"start":{"line":31,"column":18},"end":{"line":31,"column":47}},"11":{"start":{"line":32,"column":4},"end":{"line":32,"column":32}},"12":{"start":{"line":36,"column":17},"end":{"line":36,"column":61}},"13":{"start":{"line":37,"column":4},"end":{"line":37,"column":76}},"14":{"start":{"line":37,"column":15},"end":{"line":37,"column":76}},"15":{"start":{"line":38,"column":4},"end":{"line":38,"column":19}},"16":{"start":{"line":42,"column":15},"end":{"line":42,"column":49}},"17":{"start":{"line":43,"column":4},"end":{"line":43,"column":74}},"18":{"start":{"line":43,"column":13},"end":{"line":43,"column":74}},"19":{"start":{"line":44,"column":4},"end":{"line":44,"column":27}}},"fnMap":{"0":{"name":"getAll","decl":{"start":{"line":3,"column":16},"end":{"line":3,"column":22}},"loc":{"start":{"line":3,"column":33},"end":{"line":22,"column":1}},"line":3},"1":{"name":"getById","decl":{"start":{"line":24,"column":16},"end":{"line":24,"column":23}},"loc":{"start":{"line":24,"column":34},"end":{"line":28,"column":1}},"line":24},"2":{"name":"create","decl":{"start":{"line":30,"column":16},"end":{"line":30,"column":22}},"loc":{"start":{"line":30,"column":33},"end":{"line":33,"column":1}},"line":30},"3":{"name":"update","decl":{"start":{"line":35,"column":16},"end":{"line":35,"column":22}},"loc":{"start":{"line":35,"column":33},"end":{"line":39,"column":1}},"line":35},"4":{"name":"remove","decl":{"start":{"line":41,"column":16},"end":{"line":41,"column":22}},"loc":{"start":{"line":41,"column":33},"end":{"line":45,"column":1}},"line":41}},"branchMap":{"0":{"loc":{"start":{"line":4,"column":14},"end":{"line":4,"column":29}},"type":"binary-expr","locations":[{"start":{"line":4,"column":14},"end":{"line":4,"column":23}},{"start":{"line":4,"column":27},"end":{"line":4,"column":29}}],"line":4},"1":{"loc":{"start":{"line":6,"column":4},"end":{"line":6,"column":76}},"type":"if","locations":[{"start":{"line":6,"column":4},"end":{"line":6,"column":76}},{"start":{},"end":{}}],"line":6},"2":{"loc":{"start":{"line":9,"column":21},"end":{"line":9,"column":45}},"type":"binary-expr","locations":[{"start":{"line":9,"column":21},"end":{"line":9,"column":28}},{"start":{"line":9,"column":32},"end":{"line":9,"column":45}}],"line":9},"3":{"loc":{"start":{"line":10,"column":23},"end":{"line":10,"column":51}},"type":"binary-expr","locations":[{"start":{"line":10,"column":23},"end":{"line":10,"column":32}},{"start":{"line":10,"column":36},"end":{"line":10,"column":51}}],"line":10},"4":{"loc":{"start":{"line":12,"column":18},"end":{"line":12,"column":38}},"type":"binary-expr","locations":[{"start":{"line":12,"column":18},"end":{"line":12,"column":24}},{"start":{"line":12,"column":28},"end":{"line":12,"column":38}}],"line":12},"5":{"loc":{"start":{"line":13,"column":16},"end":{"line":13,"column":32}},"type":"binary-expr","locations":[{"start":{"line":13,"column":16},"end":{"line":13,"column":20}},{"start":{"line":13,"column":24},"end":{"line":13,"column":32}}],"line":13},"6":{"loc":{"start":{"line":14,"column":16},"end":{"line":14,"column":47}},"type":"binary-expr","locations":[{"start":{"line":14,"column":16},"end":{"line":14,"column":24}},{"start":{"line":14,"column":28},"end":{"line":14,"column":34}},{"start":{"line":14,"column":38},"end":{"line":14,"column":47}}],"line":14},"7":{"loc":{"start":{"line":17,"column":17},"end":{"line":17,"column":40}},"type":"binary-expr","locations":[{"start":{"line":17,"column":17},"end":{"line":17,"column":26}},{"start":{"line":17,"column":30},"end":{"line":17,"column":40}}],"line":17},"8":{"loc":{"start":{"line":26,"column":4},"end":{"line":26,"column":76}},"type":"if","locations":[{"start":{"line":26,"column":4},"end":{"line":26,"column":76}},{"start":{},"end":{}}],"line":26},"9":{"loc":{"start":{"line":37,"column":4},"end":{"line":37,"column":76}},"type":"if","locations":[{"start":{"line":37,"column":4},"end":{"line":37,"column":76}},{"start":{},"end":{}}],"line":37},"10":{"loc":{"start":{"line":43,"column":4},"end":{"line":43,"column":74}},"type":"if","locations":[{"start":{"line":43,"column":4},"end":{"line":43,"column":74}},{"start":{},"end":{}}],"line":43}},"s":{"0":1,"1":1,"2":1,"3":0,"4":0,"5":0,"6":2,"7":2,"8":1,"9":1,"10":1,"11":1,"12":1,"13":1,"14":0,"15":1,"16":1,"17":1,"18":0,"19":1},"f":{"0":1,"1":2,"2":1,"3":1,"4":1},"b":{"0":[1,0],"1":[1,0],"2":[0,0],"3":[0,0],"4":[0,0],"5":[0,0],"6":[0,0,0],"7":[0,0],"8":[1,1],"9":[0,1],"10":[0,1]},"_coverageSchema":"1a1c01bbd47fc00a2c39e90264f33305004495a9","hash":"bc490077330268e2f127349aba9a4e47fa111512"}
,"C:\\Users\\Usuario\\Documents\\VMRC-DWES\\t1\\ej21-api-pagination\\ejercicios\\trabajoextra\\src\\middlewares\\auth.middleware.js": {"path":"C:\\Users\\Usuario\\Documents\\VMRC-DWES\\t1\\ej21-api-pagination\\ejercicios\\trabajoextra\\src\\middlewares\\auth.middleware.js","statementMap":{"0":{"start":{"line":3,"column":27},"end":{"line":21,"column":1}},"1":{"start":{"line":4,"column":17},"end":{"line":4,"column":42}},"2":{"start":{"line":6,"column":2},"end":{"line":7,"column":60}},"3":{"start":{"line":7,"column":4},"end":{"line":7,"column":60}},"4":{"start":{"line":9,"column":24},"end":{"line":9,"column":41}},"5":{"start":{"line":11,"column":2},"end":{"line":12,"column":67}},"6":{"start":{"line":12,"column":4},"end":{"line":12,"column":67}},"7":{"start":{"line":14,"column":2},"end":{"line":20,"column":3}},"8":{"start":{"line":15,"column":21},"end":{"line":15,"column":62}},"9":{"start":{"line":16,"column":4},"end":{"line":16,"column":24}},"10":{"start":{"line":17,"column":4},"end":{"line":17,"column":11}},"11":{"start":{"line":19,"column":4},"end":{"line":19,"column":74}},"12":{"start":{"line":23,"column":25},"end":{"line":28,"column":1}},"13":{"start":{"line":24,"column":2},"end":{"line":25,"column":71}},"14":{"start":{"line":25,"column":4},"end":{"line":25,"column":71}},"15":{"start":{"line":27,"column":2},"end":{"line":27,"column":9}}},"fnMap":{"0":{"name":"(anonymous_0)","decl":{"start":{"line":3,"column":27},"end":{"line":3,"column":28}},"loc":{"start":{"line":3,"column":47},"end":{"line":21,"column":1}},"line":3},"1":{"name":"(anonymous_1)","decl":{"start":{"line":23,"column":25},"end":{"line":23,"column":26}},"loc":{"start":{"line":23,"column":45},"end":{"line":28,"column":1}},"line":23}},"branchMap":{"0":{"loc":{"start":{"line":6,"column":2},"end":{"line":7,"column":60}},"type":"if","locations":[{"start":{"line":6,"column":2},"end":{"line":7,"column":60}},{"start":{},"end":{}}],"line":6},"1":{"loc":{"start":{"line":11,"column":2},"end":{"line":12,"column":67}},"type":"if","locations":[{"start":{"line":11,"column":2},"end":{"line":12,"column":67}},{"start":{},"end":{}}],"line":11},"2":{"loc":{"start":{"line":24,"column":2},"end":{"line":25,"column":71}},"type":"if","locations":[{"start":{"line":24,"column":2},"end":{"line":25,"column":71}},{"start":{},"end":{}}],"line":24}},"s":{"0":2,"1":10,"2":10,"3":1,"4":9,"5":9,"6":1,"7":8,"8":8,"9":7,"10":7,"11":1,"12":2,"13":2,"14":1,"15":1},"f":{"0":10,"1":2},"b":{"0":[1,9],"1":[1,8],"2":[1,1]},"_coverageSchema":"1a1c01bbd47fc00a2c39e90264f33305004495a9","hash":"ddf3851c4a7f872e5334297b2f5d0375eadad53d"}
,"C:\\Users\\Usuario\\Documents\\VMRC-DWES\\t1\\ej21-api-pagination\\ejercicios\\trabajoextra\\src\\middlewares\\errorHandler.js": {"path":"C:\\Users\\Usuario\\Documents\\VMRC-DWES\\t1\\ej21-api-pagination\\ejercicios\\trabajoextra\\src\\middlewares\\errorHandler.js","statementMap":{"0":{"start":{"line":6,"column":4},"end":{"line":6,"column":70}},"1":{"start":{"line":9,"column":4},"end":{"line":11,"column":7}}},"fnMap":{"0":{"name":"errorHandler","decl":{"start":{"line":4,"column":24},"end":{"line":4,"column":36}},"loc":{"start":{"line":4,"column":58},"end":{"line":12,"column":1}},"line":4}},"branchMap":{"0":{"loc":{"start":{"line":9,"column":15},"end":{"line":9,"column":32}},"type":"binary-expr","locations":[{"start":{"line":9,"column":15},"end":{"line":9,"column":25}},{"start":{"line":9,"column":29},"end":{"line":9,"column":32}}],"line":9},"1":{"loc":{"start":{"line":10,"column":15},"end":{"line":10,"column":58}},"type":"binary-expr","locations":[{"start":{"line":10,"column":15},"end":{"line":10,"column":26}},{"start":{"line":10,"column":30},"end":{"line":10,"column":58}}],"line":10}},"s":{"0":1,"1":1},"f":{"0":1},"b":{"0":[1,0],"1":[1,0]},"_coverageSchema":"1a1c01bbd47fc00a2c39e90264f33305004495a9","hash":"742c9ebda832bcfcd4f9548730b374f9dba6adf7"}
,"C:\\Users\\Usuario\\Documents\\VMRC-DWES\\t1\\ej21-api-pagination\\ejercicios\\trabajoextra\\src\\routes\\auth.routes.js": {"path":"C:\\Users\\Usuario\\Documents\\VMRC-DWES\\t1\\ej21-api-pagination\\ejercicios\\trabajoextra\\src\\routes\\auth.routes.js","statementMap":{"0":{"start":{"line":4,"column":15},"end":{"line":4,"column":23}},"1":{"start":{"line":6,"column":0},"end":{"line":6,"column":29}},"2":{"start":{"line":7,"column":0},"end":{"line":7,"column":33}}},"fnMap":{},"branchMap":{},"s":{"0":2,"1":2,"2":2},"f":{},"b":{},"_coverageSchema":"1a1c01bbd47fc00a2c39e90264f33305004495a9","hash":"eb8e3ad8f5f13f6d757f76ea61c0e994997fd9a9"}
,"C:\\Users\\Usuario\\Documents\\VMRC-DWES\\t1\\ej21-api-pagination\\ejercicios\\trabajoextra\\src\\routes\\notas.routes.js": {"path":"C:\\Users\\Usuario\\Documents\\VMRC-DWES\\t1\\ej21-api-pagination\\ejercicios\\trabajoextra\\src\\routes\\notas.routes.js","statementMap":{"0":{"start":{"line":5,"column":15},"end":{"line":5,"column":23}},"1":{"start":{"line":8,"column":0},"end":{"line":8,"column":37}},"2":{"start":{"line":11,"column":0},"end":{"line":11,"column":41}},"3":{"start":{"line":14,"column":0},"end":{"line":14,"column":38}},"4":{"start":{"line":17,"column":0},"end":{"line":17,"column":40}},"5":{"start":{"line":20,"column":0},"end":{"line":20,"column":43}}},"fnMap":{},"branchMap":{},"s":{"0":2,"1":2,"2":2,"3":2,"4":2,"5":2},"f":{},"b":{},"_coverageSchema":"1a1c01bbd47fc00a2c39e90264f33305004495a9","hash":"edbf76bfab5cd398761ed02c0ad20804a376fa9e"}
,"C:\\Users\\Usuario\\Documents\\VMRC-DWES\\t1\\ej21-api-pagination\\ejercicios\\trabajoextra\\src\\services\\notas.service.js": {"path":"C:\\Users\\Usuario\\Documents\\VMRC-DWES\\t1\\ej21-api-pagination\\ejercicios\\trabajoextra\\src\\services\\notas.service.js","statementMap":{"0":{"start":{"line":4,"column":18},"end":{"line":4,"column":31}},"1":{"start":{"line":6,"column":4},"end":{"line":6,"column":68}},"2":{"start":{"line":6,"column":55},"end":{"line":6,"column":68}},"3":{"start":{"line":9,"column":16},"end":{"line":12,"column":6}},"4":{"start":{"line":10,"column":8},"end":{"line":10,"column":115}},"5":{"start":{"line":10,"column":35},"end":{"line":10,"column":115}},"6":{"start":{"line":11,"column":8},"end":{"line":11,"column":24}},"7":{"start":{"line":24,"column":8},"end":{"line":24,"column":15}},"8":{"start":{"line":27,"column":4},"end":{"line":30,"column":5}},"9":{"start":{"line":28,"column":18},"end":{"line":28,"column":51}},"10":{"start":{"line":29,"column":8},"end":{"line":29,"column":78}},"11":{"start":{"line":29,"column":34},"end":{"line":29,"column":76}},"12":{"start":{"line":32,"column":4},"end":{"line":35,"column":5}},"13":{"start":{"line":33,"column":18},"end":{"line":33,"column":53}},"14":{"start":{"line":34,"column":8},"end":{"line":34,"column":81}},"15":{"start":{"line":34,"column":34},"end":{"line":34,"column":79}},"16":{"start":{"line":37,"column":4},"end":{"line":39,"column":5}},"17":{"start":{"line":38,"column":8},"end":{"line":38,"column":59}},"18":{"start":{"line":38,"column":34},"end":{"line":38,"column":57}},"19":{"start":{"line":42,"column":22},"end":{"line":48,"column":5}},"20":{"start":{"line":43,"column":8},"end":{"line":43,"column":28}},"21":{"start":{"line":43,"column":16},"end":{"line":43,"column":28}},"22":{"start":{"line":44,"column":18},"end":{"line":44,"column":27}},"23":{"start":{"line":45,"column":8},"end":{"line":45,"column":32}},"24":{"start":{"line":45,"column":23},"end":{"line":45,"column":32}},"25":{"start":{"line":46,"column":18},"end":{"line":46,"column":31}},"26":{"start":{"line":47,"column":8},"end":{"line":47,"column":35}},"27":{"start":{"line":50,"column":19},"end":{"line":50,"column":38}},"28":{"start":{"line":51,"column":17},"end":{"line":51,"column":34}},"29":{"start":{"line":53,"column":4},"end":{"line":64,"column":5}},"30":{"start":{"line":54,"column":8},"end":{"line":63,"column":11}},"31":{"start":{"line":55,"column":21},"end":{"line":55,"column":25}},"32":{"start":{"line":56,"column":12},"end":{"line":58,"column":57}},"33":{"start":{"line":56,"column":29},"end":{"line":56,"column":64}},"34":{"start":{"line":57,"column":17},"end":{"line":58,"column":57}},"35":{"start":{"line":57,"column":34},"end":{"line":57,"column":69}},"36":{"start":{"line":58,"column":17},"end":{"line":58,"column":57}},"37":{"start":{"line":58,"column":47},"end":{"line":58,"column":57}},"38":{"start":{"line":59,"column":12},"end":{"line":59,"column":34}},"39":{"start":{"line":59,"column":21},"end":{"line":59,"column":34}},"40":{"start":{"line":60,"column":12},"end":{"line":60,"column":52}},"41":{"start":{"line":60,"column":39},"end":{"line":60,"column":52}},"42":{"start":{"line":61,"column":12},"end":{"line":61,"column":48}},"43":{"start":{"line":61,"column":35},"end":{"line":61,"column":48}},"44":{"start":{"line":62,"column":12},"end":{"line":62,"column":24}},"45":{"start":{"line":67,"column":4},"end":{"line":81,"column":5}},"46":{"start":{"line":68,"column":20},"end":{"line":68,"column":67}},"47":{"start":{"line":69,"column":8},"end":{"line":80,"column":9}},"48":{"start":{"line":70,"column":12},"end":{"line":74,"column":15}},"49":{"start":{"line":71,"column":27},"end":{"line":71,"column":110}},"50":{"start":{"line":72,"column":27},"end":{"line":72,"column":110}},"51":{"start":{"line":73,"column":16},"end":{"line":73,"column":39}},"52":{"start":{"line":75,"column":15},"end":{"line":80,"column":9}},"53":{"start":{"line":76,"column":12},"end":{"line":76,"column":89}},"54":{"start":{"line":76,"column":33},"end":{"line":76,"column":87}},"55":{"start":{"line":77,"column":15},"end":{"line":80,"column":9}},"56":{"start":{"line":78,"column":25},"end":{"line":78,"column":80}},"57":{"start":{"line":78,"column":31},"end":{"line":78,"column":79}},"58":{"start":{"line":79,"column":12},"end":{"line":79,"column":60}},"59":{"start":{"line":79,"column":33},"end":{"line":79,"column":58}},"60":{"start":{"line":84,"column":14},"end":{"line":84,"column":46}},"61":{"start":{"line":85,"column":15},"end":{"line":85,"column":51}},"62":{"start":{"line":86,"column":23},"end":{"line":86,"column":35}},"63":{"start":{"line":87,"column":23},"end":{"line":87,"column":62}},"64":{"start":{"line":88,"column":18},"end":{"line":88,"column":30}},"65":{"start":{"line":89,"column":18},"end":{"line":89,"column":48}},"66":{"start":{"line":91,"column":4},"end":{"line":97,"column":6}},"67":{"start":{"line":101,"column":18},"end":{"line":101,"column":31}},"68":{"start":{"line":102,"column":4},"end":{"line":102,"column":39}},"69":{"start":{"line":102,"column":27},"end":{"line":102,"column":37}},"70":{"start":{"line":106,"column":18},"end":{"line":106,"column":31}},"71":{"start":{"line":107,"column":16},"end":{"line":107,"column":26}},"72":{"start":{"line":108,"column":18},"end":{"line":108,"column":70}},"73":{"start":{"line":109,"column":4},"end":{"line":109,"column":22}},"74":{"start":{"line":110,"column":4},"end":{"line":110,"column":24}},"75":{"start":{"line":111,"column":4},"end":{"line":111,"column":17}},"76":{"start":{"line":115,"column":18},"end":{"line":115,"column":31}},"77":{"start":{"line":116,"column":18},"end":{"line":116,"column":50}},"78":{"start":{"line":116,"column":39},"end":{"line":116,"column":49}},"79":{"start":{"line":117,"column":4},"end":{"line":117,"column":34}},"80":{"start":{"line":117,"column":22},"end":{"line":117,"column":34}},"81":{"start":{"line":118,"column":16},"end":{"line":118,"column":26}},"82":{"start":{"line":119,"column":4},"end":{"line":119,"column":64}},"83":{"start":{"line":120,"column":4},"end":{"line":120,"column":24}},"84":{"start":{"line":121,"column":4},"end":{"line":121,"column":24}},"85":{"start":{"line":125,"column":18},"end":{"line":125,"column":31}},"86":{"start":{"line":126,"column":19},"end":{"line":126,"column":48}},"87":{"start":{"line":126,"column":37},"end":{"line":126,"column":47}},"88":{"start":{"line":127,"column":4},"end":{"line":127,"column":53}},"89":{"start":{"line":127,"column":40},"end":{"line":127,"column":53}},"90":{"start":{"line":129,"column":4},"end":{"line":129,"column":25}},"91":{"start":{"line":130,"column":4},"end":{"line":130,"column":16}}},"fnMap":{"0":{"name":"getAll","decl":{"start":{"line":3,"column":16},"end":{"line":3,"column":22}},"loc":{"start":{"line":3,"column":32},"end":{"line":98,"column":1}},"line":3},"1":{"name":"(anonymous_1)","decl":{"start":{"line":9,"column":26},"end":{"line":9,"column":27}},"loc":{"start":{"line":9,"column":38},"end":{"line":12,"column":5}},"line":9},"2":{"name":"(anonymous_2)","decl":{"start":{"line":29,"column":29},"end":{"line":29,"column":30}},"loc":{"start":{"line":29,"column":34},"end":{"line":29,"column":76}},"line":29},"3":{"name":"(anonymous_3)","decl":{"start":{"line":34,"column":29},"end":{"line":34,"column":30}},"loc":{"start":{"line":34,"column":34},"end":{"line":34,"column":79}},"line":34},"4":{"name":"(anonymous_4)","decl":{"start":{"line":38,"column":29},"end":{"line":38,"column":30}},"loc":{"start":{"line":38,"column":34},"end":{"line":38,"column":57}},"line":38},"5":{"name":"(anonymous_5)","decl":{"start":{"line":42,"column":22},"end":{"line":42,"column":23}},"loc":{"start":{"line":42,"column":27},"end":{"line":48,"column":5}},"line":42},"6":{"name":"(anonymous_6)","decl":{"start":{"line":54,"column":29},"end":{"line":54,"column":30}},"loc":{"start":{"line":54,"column":34},"end":{"line":63,"column":9}},"line":54},"7":{"name":"(anonymous_7)","decl":{"start":{"line":70,"column":23},"end":{"line":70,"column":24}},"loc":{"start":{"line":70,"column":33},"end":{"line":74,"column":13}},"line":70},"8":{"name":"(anonymous_8)","decl":{"start":{"line":76,"column":23},"end":{"line":76,"column":24}},"loc":{"start":{"line":76,"column":33},"end":{"line":76,"column":87}},"line":76},"9":{"name":"(anonymous_9)","decl":{"start":{"line":78,"column":25},"end":{"line":78,"column":26}},"loc":{"start":{"line":78,"column":31},"end":{"line":78,"column":79}},"line":78},"10":{"name":"(anonymous_10)","decl":{"start":{"line":79,"column":23},"end":{"line":79,"column":24}},"loc":{"start":{"line":79,"column":33},"end":{"line":79,"column":58}},"line":79},"11":{"name":"getById","decl":{"start":{"line":100,"column":16},"end":{"line":100,"column":23}},"loc":{"start":{"line":100,"column":28},"end":{"line":103,"column":1}},"line":100},"12":{"name":"(anonymous_12)","decl":{"start":{"line":102,"column":22},"end":{"line":102,"column":23}},"loc":{"start":{"line":102,"column":27},"end":{"line":102,"column":37}},"line":102},"13":{"name":"create","decl":{"start":{"line":105,"column":16},"end":{"line":105,"column":22}},"loc":{"start":{"line":105,"column":29},"end":{"line":112,"column":1}},"line":105},"14":{"name":"update","decl":{"start":{"line":114,"column":16},"end":{"line":114,"column":22}},"loc":{"start":{"line":114,"column":33},"end":{"line":122,"column":1}},"line":114},"15":{"name":"(anonymous_15)","decl":{"start":{"line":116,"column":34},"end":{"line":116,"column":35}},"loc":{"start":{"line":116,"column":39},"end":{"line":116,"column":49}},"line":116},"16":{"name":"remove","decl":{"start":{"line":124,"column":16},"end":{"line":124,"column":22}},"loc":{"start":{"line":124,"column":27},"end":{"line":131,"column":1}},"line":124},"17":{"name":"(anonymous_17)","decl":{"start":{"line":126,"column":32},"end":{"line":126,"column":33}},"loc":{"start":{"line":126,"column":37},"end":{"line":126,"column":47}},"line":126}},"branchMap":{"0":{"loc":{"start":{"line":6,"column":4},"end":{"line":6,"column":68}},"type":"if","locations":[{"start":{"line":6,"column":4},"end":{"line":6,"column":68}},{"start":{},"end":{}}],"line":6},"1":{"loc":{"start":{"line":6,"column":8},"end":{"line":6,"column":53}},"type":"binary-expr","locations":[{"start":{"line":6,"column":8},"end":{"line":6,"column":16}},{"start":{"line":6,"column":20},"end":{"line":6,"column":53}}],"line":6},"2":{"loc":{"start":{"line":10,"column":8},"end":{"line":10,"column":115}},"type":"if","locations":[{"start":{"line":10,"column":8},"end":{"line":10,"column":115}},{"start":{},"end":{}}],"line":10},"3":{"loc":{"start":{"line":21,"column":8},"end":{"line":21,"column":21}},"type":"default-arg","locations":[{"start":{"line":21,"column":16},"end":{"line":21,"column":21}}],"line":21},"4":{"loc":{"start":{"line":22,"column":8},"end":{"line":22,"column":16}},"type":"default-arg","locations":[{"start":{"line":22,"column":15},"end":{"line":22,"column":16}}],"line":22},"5":{"loc":{"start":{"line":23,"column":8},"end":{"line":23,"column":20}},"type":"default-arg","locations":[{"start":{"line":23,"column":18},"end":{"line":23,"column":20}}],"line":23},"6":{"loc":{"start":{"line":27,"column":4},"end":{"line":30,"column":5}},"type":"if","locations":[{"start":{"line":27,"column":4},"end":{"line":30,"column":5}},{"start":{},"end":{}}],"line":27},"7":{"loc":{"start":{"line":29,"column":35},"end":{"line":29,"column":49}},"type":"binary-expr","locations":[{"start":{"line":29,"column":35},"end":{"line":29,"column":43}},{"start":{"line":29,"column":47},"end":{"line":29,"column":49}}],"line":29},"8":{"loc":{"start":{"line":32,"column":4},"end":{"line":35,"column":5}},"type":"if","locations":[{"start":{"line":32,"column":4},"end":{"line":35,"column":5}},{"start":{},"end":{}}],"line":32},"9":{"loc":{"start":{"line":34,"column":35},"end":{"line":34,"column":52}},"type":"binary-expr","locations":[{"start":{"line":34,"column":35},"end":{"line":34,"column":46}},{"start":{"line":34,"column":50},"end":{"line":34,"column":52}}],"line":34},"10":{"loc":{"start":{"line":37,"column":4},"end":{"line":39,"column":5}},"type":"if","locations":[{"start":{"line":37,"column":4},"end":{"line":39,"column":5}},{"start":{},"end":{}}],"line":37},"11":{"loc":{"start":{"line":43,"column":8},"end":{"line":43,"column":28}},"type":"if","locations":[{"start":{"line":43,"column":8},"end":{"line":43,"column":28}},{"start":{},"end":{}}],"line":43},"12":{"loc":{"start":{"line":45,"column":8},"end":{"line":45,"column":32}},"type":"if","locations":[{"start":{"line":45,"column":8},"end":{"line":45,"column":32}},{"start":{},"end":{}}],"line":45},"13":{"loc":{"start":{"line":47,"column":15},"end":{"line":47,"column":34}},"type":"cond-expr","locations":[{"start":{"line":47,"column":26},"end":{"line":47,"column":30}},{"start":{"line":47,"column":33},"end":{"line":47,"column":34}}],"line":47},"14":{"loc":{"start":{"line":53,"column":4},"end":{"line":64,"column":5}},"type":"if","locations":[{"start":{"line":53,"column":4},"end":{"line":64,"column":5}},{"start":{},"end":{}}],"line":53},"15":{"loc":{"start":{"line":53,"column":8},"end":{"line":53,"column":22}},"type":"binary-expr","locations":[{"start":{"line":53,"column":8},"end":{"line":53,"column":14}},{"start":{"line":53,"column":18},"end":{"line":53,"column":22}}],"line":53},"16":{"loc":{"start":{"line":56,"column":12},"end":{"line":58,"column":57}},"type":"if","locations":[{"start":{"line":56,"column":12},"end":{"line":58,"column":57}},{"start":{"line":57,"column":17},"end":{"line":58,"column":57}}],"line":56},"17":{"loc":{"start":{"line":57,"column":17},"end":{"line":58,"column":57}},"type":"if","locations":[{"start":{"line":57,"column":17},"end":{"line":58,"column":57}},{"start":{"line":58,"column":17},"end":{"line":58,"column":57}}],"line":57},"18":{"loc":{"start":{"line":58,"column":17},"end":{"line":58,"column":57}},"type":"if","locations":[{"start":{"line":58,"column":17},"end":{"line":58,"column":57}},{"start":{},"end":{}}],"line":58},"19":{"loc":{"start":{"line":59,"column":12},"end":{"line":59,"column":34}},"type":"if","locations":[{"start":{"line":59,"column":12},"end":{"line":59,"column":34}},{"start":{},"end":{}}],"line":59},"20":{"loc":{"start":{"line":60,"column":12},"end":{"line":60,"column":52}},"type":"if","locations":[{"start":{"line":60,"column":12},"end":{"line":60,"column":52}},{"start":{},"end":{}}],"line":60},"21":{"loc":{"start":{"line":60,"column":16},"end":{"line":60,"column":37}},"type":"binary-expr","locations":[{"start":{"line":60,"column":16},"end":{"line":60,"column":22}},{"start":{"line":60,"column":26},"end":{"line":60,"column":37}}],"line":60},"22":{"loc":{"start":{"line":61,"column":12},"end":{"line":61,"column":48}},"type":"if","locations":[{"start":{"line":61,"column":12},"end":{"line":61,"column":48}},{"start":{},"end":{}}],"line":61},"23":{"loc":{"start":{"line":61,"column":16},"end":{"line":61,"column":33}},"type":"binary-expr","locations":[{"start":{"line":61,"column":16},"end":{"line":61,"column":20}},{"start":{"line":61,"column":24},"end":{"line":61,"column":33}}],"line":61},"24":{"loc":{"start":{"line":67,"column":4},"end":{"line":81,"column":5}},"type":"if","locations":[{"start":{"line":67,"column":4},"end":{"line":81,"column":5}},{"start":{},"end":{}}],"line":67},"25":{"loc":{"start":{"line":68,"column":20},"end":{"line":68,"column":67}},"type":"cond-expr","locations":[{"start":{"line":68,"column":61},"end":{"line":68,"column":63}},{"start":{"line":68,"column":66},"end":{"line":68,"column":67}}],"line":68},"26":{"loc":{"start":{"line":69,"column":8},"end":{"line":80,"column":9}},"type":"if","locations":[{"start":{"line":69,"column":8},"end":{"line":80,"column":9}},{"start":{"line":75,"column":15},"end":{"line":80,"column":9}}],"line":69},"27":{"loc":{"start":{"line":71,"column":27},"end":{"line":71,"column":110}},"type":"cond-expr","locations":[{"start":{"line":71,"column":41},"end":{"line":71,"column":70}},{"start":{"line":71,"column":74},"end":{"line":71,"column":109}}],"line":71},"28":{"loc":{"start":{"line":71,"column":74},"end":{"line":71,"column":109}},"type":"cond-expr","locations":[{"start":{"line":71,"column":101},"end":{"line":71,"column":105}},{"start":{"line":71,"column":108},"end":{"line":71,"column":109}}],"line":71},"29":{"loc":{"start":{"line":72,"column":27},"end":{"line":72,"column":110}},"type":"cond-expr","locations":[{"start":{"line":72,"column":41},"end":{"line":72,"column":70}},{"start":{"line":72,"column":74},"end":{"line":72,"column":109}}],"line":72},"30":{"loc":{"start":{"line":72,"column":74},"end":{"line":72,"column":109}},"type":"cond-expr","locations":[{"start":{"line":72,"column":101},"end":{"line":72,"column":105}},{"start":{"line":72,"column":108},"end":{"line":72,"column":109}}],"line":72},"31":{"loc":{"start":{"line":75,"column":15},"end":{"line":80,"column":9}},"type":"if","locations":[{"start":{"line":75,"column":15},"end":{"line":80,"column":9}},{"start":{"line":77,"column":15},"end":{"line":80,"column":9}}],"line":75},"32":{"loc":{"start":{"line":75,"column":19},"end":{"line":75,"column":60}},"type":"binary-expr","locations":[{"start":{"line":75,"column":19},"end":{"line":75,"column":38}},{"start":{"line":75,"column":42},"end":{"line":75,"column":60}}],"line":75},"33":{"loc":{"start":{"line":76,"column":35},"end":{"line":76,"column":49}},"type":"binary-expr","locations":[{"start":{"line":76,"column":35},"end":{"line":76,"column":43}},{"start":{"line":76,"column":47},"end":{"line":76,"column":49}}],"line":76},"34":{"loc":{"start":{"line":76,"column":65},"end":{"line":76,"column":79}},"type":"binary-expr","locations":[{"start":{"line":76,"column":65},"end":{"line":76,"column":73}},{"start":{"line":76,"column":77},"end":{"line":76,"column":79}}],"line":76},"35":{"loc":{"start":{"line":77,"column":15},"end":{"line":80,"column":9}},"type":"if","locations":[{"start":{"line":77,"column":15},"end":{"line":80,"column":9}},{"start":{},"end":{}}],"line":77},"36":{"loc":{"start":{"line":78,"column":32},"end":{"line":78,"column":44}},"type":"binary-expr","locations":[{"start":{"line":78,"column":32},"end":{"line":78,"column":40}},{"start":{"line":78,"column":42},"end":{"line":78,"column":44}}],"line":78},"37":{"loc":{"start":{"line":78,"column":56},"end":{"line":78,"column":71}},"type":"binary-expr","locations":[{"start":{"line":78,"column":56},"end":{"line":78,"column":67}},{"start":{"line":78,"column":69},"end":{"line":78,"column":71}}],"line":78},"38":{"loc":{"start":{"line":84,"column":23},"end":{"line":84,"column":42}},"type":"binary-expr","locations":[{"start":{"line":84,"column":23},"end":{"line":84,"column":37}},{"start":{"line":84,"column":41},"end":{"line":84,"column":42}}],"line":84},"39":{"loc":{"start":{"line":85,"column":24},"end":{"line":85,"column":47}},"type":"binary-expr","locations":[{"start":{"line":85,"column":24},"end":{"line":85,"column":41}},{"start":{"line":85,"column":45},"end":{"line":85,"column":47}}],"line":85},"40":{"loc":{"start":{"line":117,"column":4},"end":{"line":117,"column":34}},"type":"if","locations":[{"start":{"line":117,"column":4},"end":{"line":117,"column":34}},{"start":{},"end":{}}],"line":117},"41":{"loc":{"start":{"line":127,"column":4},"end":{"line":127,"column":53}},"type":"if","locations":[{"start":{"line":127,"column":4},"end":{"line":127,"column":53}},{"start":{},"end":{}}],"line":127}},"s":{"0":10,"1":10,"2":2,"3":8,"4":32,"5":8,"6":24,"7":8,"8":8,"9":1,"10":1,"11":4,"12":8,"13":1,"14":1,"15":4,"16":8,"17":1,"18":4,"19":8,"20":16,"21":14,"22":2,"23":2,"24":2,"25":0,"26":0,"27":8,"28":8,"29":8,"30":1,"31":4,"32":4,"33":3,"34":1,"35":0,"36":1,"37":0,"38":4,"39":1,"40":3,"41":1,"42":2,"43":1,"44":1,"45":8,"46":3,"47":3,"48":1,"49":5,"50":5,"51":5,"52":2,"53":1,"54":3,"55":1,"56":1,"57":12,"58":1,"59":6,"60":8,"61":8,"62":8,"63":8,"64":8,"65":8,"66":8,"67":5,"68":5,"69":17,"70":2,"71":2,"72":2,"73":2,"74":2,"75":2,"76":2,"77":2,"78":8,"79":2,"80":0,"81":2,"82":2,"83":2,"84":2,"85":3,"86":3,"87":13,"88":3,"89":1,"90":2,"91":2},"f":{"0":10,"1":32,"2":4,"3":4,"4":4,"5":16,"6":4,"7":5,"8":3,"9":12,"10":6,"11":5,"12":17,"13":2,"14":2,"15":8,"16":3,"17":13},"b":{"0":[2,8],"1":[10,8],"2":[8,24],"3":[5],"4":[7],"5":[7],"6":[1,7],"7":[4,0],"8":[1,7],"9":[4,1],"10":[1,7],"11":[14,2],"12":[2,0],"13":[0,0],"14":[1,7],"15":[8,7],"16":[3,1],"17":[0,1],"18":[0,1],"19":[1,3],"20":[1,2],"21":[3,3],"22":[1,1],"23":[2,2],"24":[3,5],"25":[1,2],"26":[1,2],"27":[2,3],"28":[0,3],"29":[5,0],"30":[0,0],"31":[1,1],"32":[2,1],"33":[3,0],"34":[3,0],"35":[1,0],"36":[12,0],"37":[12,2],"38":[8,0],"39":[8,0],"40":[0,2],"41":[1,2]},"_coverageSchema":"1a1c01bbd47fc00a2c39e90264f33305004495a9","hash":"663fb272ba319290508aab0a330026d360ecea51"}
,"C:\\Users\\Usuario\\Documents\\VMRC-DWES\\t1\\ej21-api-pagination\\ejercicios\\trabajoextra\\src\\utils\\fileManager.js": {"path":"C:\\Users\\Usuario\\Documents\\VMRC-DWES\\t1\\ej21-api-pagination\\ejercicios\\trabajoextra\\src\\utils\\fileManager.js","statementMap":{"0":{"start":{"line":3,"column":13},"end":{"line":3,"column":36}},"1":{"start":{"line":6,"column":4},"end":{"line":11,"column":5}},"2":{"start":{"line":7,"column":21},"end":{"line":7,"column":50}},"3":{"start":{"line":8,"column":8},"end":{"line":8,"column":32}},"4":{"start":{"line":10,"column":8},"end":{"line":10,"column":18}},"5":{"start":{"line":15,"column":4},"end":{"line":15,"column":59}}},"fnMap":{"0":{"name":"cargarNotas","decl":{"start":{"line":5,"column":16},"end":{"line":5,"column":27}},"loc":{"start":{"line":5,"column":30},"end":{"line":12,"column":1}},"line":5},"1":{"name":"guardarNotas","decl":{"start":{"line":14,"column":16},"end":{"line":14,"column":28}},"loc":{"start":{"line":14,"column":36},"end":{"line":16,"column":1}},"line":14}},"branchMap":{},"s":{"0":4,"1":8,"2":8,"3":7,"4":1,"5":4},"f":{"0":8,"1":4},"b":{},"_coverageSchema":"1a1c01bbd47fc00a2c39e90264f33305004495a9","hash":"1aeaae05e6e4e4272c0ea52637369b95d2bb366b"}
,"C:\\Users\\Usuario\\Documents\\VMRC-DWES\\t1\\ej21-api-pagination\\ejercicios\\trabajoextra\\src\\utils\\logger.js": {"path":"C:\\Users\\Usuario\\Documents\\VMRC-DWES\\t1\\ej21-api-pagination\\ejercicios\\trabajoextra\\src\\utils\\logger.js","statementMap":{"0":{"start":{"line":3,"column":49},"end":{"line":3,"column":63}},"1":{"start":{"line":6,"column":17},"end":{"line":8,"column":2}},"2":{"start":{"line":7,"column":4},"end":{"line":7,"column":49}},"3":{"start":{"line":10,"column":15},"end":{"line":22,"column":2}}},"fnMap":{"0":{"name":"(anonymous_0)","decl":{"start":{"line":6,"column":24},"end":{"line":6,"column":25}},"loc":{"start":{"line":6,"column":59},"end":{"line":8,"column":1}},"line":6}},"branchMap":{},"s":{"0":3,"1":3,"2":11,"3":3},"f":{"0":11},"b":{},"_coverageSchema":"1a1c01bbd47fc00a2c39e90264f33305004495a9","hash":"a9bfd46553b054143dafcb16fbe2ce3a7909309b"}
}
