TN:
SF:src\app.js
FN:14,(anonymous_0)
FNF:1
FNH:1
FNDA:11,(anonymous_0)
DA:8,2
DA:11,2
DA:12,2
DA:14,11
DA:19,2
DA:20,2
DA:23,2
LF:7
LH:7
BRF:0
BRH:0
end_of_record
TN:
SF:src\controllers\auth.controller.js
FN:4,(anonymous_0)
FN:53,(anonymous_1)
FNF:2
FNH:2
FNDA:10,(anonymous_0)
FNDA:1,(anonymous_1)
DA:4,3
DA:5,10
DA:7,10
DA:8,10
DA:9,10
DA:10,10
DA:12,10
DA:13,2
DA:15,8
DA:16,1
DA:17,1
DA:21,7
DA:22,1
DA:24,6
DA:25,6
DA:27,6
DA:28,2
DA:31,4
DA:34,1
DA:35,1
DA:38,5
DA:39,1
DA:42,4
DA:43,4
DA:45,1
DA:46,1
DA:49,3
DA:53,3
DA:54,1
DA:56,1
DA:57,1
DA:58,1
DA:59,1
DA:61,1
DA:62,0
DA:64,1
DA:65,0
DA:66,0
DA:69,1
DA:70,1
DA:71,1
DA:72,0
DA:74,1
DA:77,0
DA:78,0
DA:81,1
DA:82,0
DA:85,1
DA:86,1
DA:88,0
DA:89,0
DA:92,1
LF:52
LH:43
BRDA:10,0,0,10
BRDA:10,0,1,10
BRDA:12,1,0,2
BRDA:12,1,1,8
BRDA:12,2,0,10
BRDA:12,2,1,8
BRDA:15,3,0,1
BRDA:15,3,1,7
BRDA:15,4,0,8
BRDA:15,4,1,7
BRDA:15,4,2,7
BRDA:21,5,0,1
BRDA:21,5,1,6
BRDA:27,6,0,2
BRDA:27,6,1,4
BRDA:27,7,0,6
BRDA:27,7,1,6
BRDA:38,8,0,1
BRDA:38,8,1,4
BRDA:59,9,0,1
BRDA:59,9,1,1
BRDA:61,10,0,0
BRDA:61,10,1,1
BRDA:61,11,0,1
BRDA:61,11,1,1
BRDA:64,12,0,0
BRDA:64,12,1,1
BRDA:64,13,0,1
BRDA:64,13,1,1
BRDA:64,13,2,1
BRDA:71,14,0,0
BRDA:71,14,1,1
BRDA:71,15,0,1
BRDA:71,15,1,1
BRDA:81,16,0,0
BRDA:81,16,1,1
BRF:36
BRH:32
end_of_record
TN:
SF:src\controllers\notas.controller.js
FN:3,getAll
FN:24,getById
FN:30,create
FN:35,update
FN:41,remove
FNF:5
FNH:5
FNDA:1,getAll
FNDA:2,getById
FNDA:1,create
FNDA:1,update
FNDA:1,remove
DA:4,1
DA:6,1
DA:8,0
DA:20,0
DA:21,0
DA:25,2
DA:26,2
DA:27,1
DA:31,1
DA:32,1
DA:36,1
DA:37,1
DA:38,1
DA:42,1
DA:43,1
DA:44,1
LF:16
LH:13
BRDA:4,0,0,1
BRDA:4,0,1,0
BRDA:6,1,0,1
BRDA:6,1,1,0
BRDA:9,2,0,0
BRDA:9,2,1,0
BRDA:10,3,0,0
BRDA:10,3,1,0
BRDA:12,4,0,0
BRDA:12,4,1,0
BRDA:13,5,0,0
BRDA:13,5,1,0
BRDA:14,6,0,0
BRDA:14,6,1,0
BRDA:14,6,2,0
BRDA:17,7,0,0
BRDA:17,7,1,0
BRDA:26,8,0,1
BRDA:26,8,1,1
BRDA:37,9,0,0
BRDA:37,9,1,1
BRDA:43,10,0,0
BRDA:43,10,1,1
BRF:23
BRH:6
end_of_record
TN:
SF:src\middlewares\auth.middleware.js
FN:3,(anonymous_0)
FN:23,(anonymous_1)
FNF:2
FNH:2
FNDA:10,(anonymous_0)
FNDA:2,(anonymous_1)
DA:3,2
DA:4,10
DA:6,10
DA:7,1
DA:9,9
DA:11,9
DA:12,1
DA:14,8
DA:15,8
DA:16,7
DA:17,7
DA:19,1
DA:23,2
DA:24,2
DA:25,1
DA:27,1
LF:16
LH:16
BRDA:6,0,0,1
BRDA:6,0,1,9
BRDA:11,1,0,1
BRDA:11,1,1,8
BRDA:24,2,0,1
BRDA:24,2,1,1
BRF:6
BRH:6
end_of_record
TN:
SF:src\middlewares\errorHandler.js
FN:4,errorHandler
FNF:1
FNH:1
FNDA:1,errorHandler
DA:6,1
DA:9,1
LF:2
LH:2
BRDA:9,0,0,1
BRDA:9,0,1,0
BRDA:10,1,0,1
BRDA:10,1,1,0
BRF:4
BRH:2
end_of_record
TN:
SF:src\routes\auth.routes.js
FNF:0
FNH:0
DA:4,2
DA:6,2
DA:7,2
LF:3
LH:3
BRF:0
BRH:0
end_of_record
TN:
SF:src\routes\notas.routes.js
FNF:0
FNH:0
DA:5,2
DA:8,2
DA:11,2
DA:14,2
DA:17,2
DA:20,2
LF:6
LH:6
BRF:0
BRH:0
end_of_record
TN:
SF:src\services\notas.service.js
FN:3,getAll
FN:9,(anonymous_1)
FN:29,(anonymous_2)
FN:34,(anonymous_3)
FN:38,(anonymous_4)
FN:42,(anonymous_5)
FN:54,(anonymous_6)
FN:70,(anonymous_7)
FN:76,(anonymous_8)
FN:78,(anonymous_9)
FN:79,(anonymous_10)
FN:100,getById
FN:102,(anonymous_12)
FN:105,create
FN:114,update
FN:116,(anonymous_15)
FN:124,remove
FN:126,(anonymous_17)
FNF:18
FNH:18
FNDA:10,getAll
FNDA:32,(anonymous_1)
FNDA:4,(anonymous_2)
FNDA:4,(anonymous_3)
FNDA:4,(anonymous_4)
FNDA:16,(anonymous_5)
FNDA:4,(anonymous_6)
FNDA:5,(anonymous_7)
FNDA:3,(anonymous_8)
FNDA:12,(anonymous_9)
FNDA:6,(anonymous_10)
FNDA:5,getById
FNDA:17,(anonymous_12)
FNDA:2,create
FNDA:2,update
FNDA:8,(anonymous_15)
FNDA:3,remove
FNDA:13,(anonymous_17)
DA:4,10
DA:6,10
DA:9,8
DA:10,32
DA:11,24
DA:24,8
DA:27,8
DA:28,1
DA:29,4
DA:32,8
DA:33,1
DA:34,4
DA:37,8
DA:38,4
DA:42,8
DA:43,16
DA:44,2
DA:45,2
DA:46,0
DA:47,0
DA:50,8
DA:51,8
DA:53,8
DA:54,1
DA:55,4
DA:56,4
DA:57,1
DA:58,1
DA:59,4
DA:60,3
DA:61,2
DA:62,1
DA:67,8
DA:68,3
DA:69,3
DA:70,1
DA:71,5
DA:72,5
DA:73,5
DA:75,2
DA:76,3
DA:77,1
DA:78,12
DA:79,6
DA:84,8
DA:85,8
DA:86,8
DA:87,8
DA:88,8
DA:89,8
DA:91,8
DA:101,5
DA:102,17
DA:106,2
DA:107,2
DA:108,2
DA:109,2
DA:110,2
DA:111,2
DA:115,2
DA:116,8
DA:117,2
DA:118,2
DA:119,2
DA:120,2
DA:121,2
DA:125,3
DA:126,13
DA:127,3
DA:129,2
DA:130,2
LF:71
LH:69
BRDA:6,0,0,2
BRDA:6,0,1,8
BRDA:6,1,0,10
BRDA:6,1,1,8
BRDA:10,2,0,8
BRDA:10,2,1,24
BRDA:21,3,0,5
BRDA:22,4,0,7
BRDA:23,5,0,7
BRDA:27,6,0,1
BRDA:27,6,1,7
BRDA:29,7,0,4
BRDA:29,7,1,0
BRDA:32,8,0,1
BRDA:32,8,1,7
BRDA:34,9,0,4
BRDA:34,9,1,1
BRDA:37,10,0,1
BRDA:37,10,1,7
BRDA:43,11,0,14
BRDA:43,11,1,2
BRDA:45,12,0,2
BRDA:45,12,1,0
BRDA:47,13,0,0
BRDA:47,13,1,0
BRDA:53,14,0,1
BRDA:53,14,1,7
BRDA:53,15,0,8
BRDA:53,15,1,7
BRDA:56,16,0,3
BRDA:56,16,1,1
BRDA:57,17,0,0
BRDA:57,17,1,1
BRDA:58,18,0,0
BRDA:58,18,1,1
BRDA:59,19,0,1
BRDA:59,19,1,3
BRDA:60,20,0,1
BRDA:60,20,1,2
BRDA:60,21,0,3
BRDA:60,21,1,3
BRDA:61,22,0,1
BRDA:61,22,1,1
BRDA:61,23,0,2
BRDA:61,23,1,2
BRDA:67,24,0,3
BRDA:67,24,1,5
BRDA:68,25,0,1
BRDA:68,25,1,2
BRDA:69,26,0,1
BRDA:69,26,1,2
BRDA:71,27,0,2
BRDA:71,27,1,3
BRDA:71,28,0,0
BRDA:71,28,1,3
BRDA:72,29,0,5
BRDA:72,29,1,0
BRDA:72,30,0,0
BRDA:72,30,1,0
BRDA:75,31,0,1
BRDA:75,31,1,1
BRDA:75,32,0,2
BRDA:75,32,1,1
BRDA:76,33,0,3
BRDA:76,33,1,0
BRDA:76,34,0,3
BRDA:76,34,1,0
BRDA:77,35,0,1
BRDA:77,35,1,0
BRDA:78,36,0,12
BRDA:78,36,1,0
BRDA:78,37,0,12
BRDA:78,37,1,2
BRDA:84,38,0,8
BRDA:84,38,1,0
BRDA:85,39,0,8
BRDA:85,39,1,0
BRDA:117,40,0,0
BRDA:117,40,1,2
BRDA:127,41,0,1
BRDA:127,41,1,2
BRF:81
BRH:64
end_of_record
TN:
SF:src\utils\fileManager.js
FN:5,cargarNotas
FN:14,guardarNotas
FNF:2
FNH:2
FNDA:8,cargarNotas
FNDA:4,guardarNotas
DA:3,4
DA:6,8
DA:7,8
DA:8,7
DA:10,1
DA:15,4
LF:6
LH:6
BRF:0
BRH:0
end_of_record
TN:
SF:src\utils\logger.js
FN:6,(anonymous_0)
FNF:1
FNH:1
FNDA:11,(anonymous_0)
DA:3,3
DA:6,3
DA:7,11
DA:10,3
LF:4
LH:4
BRF:0
BRH:0
end_of_record
