{"C:\\Users\\Usuario\\Documents\\VMRC-DWES\\t1\\ej20-api-security\\ejercicios\\trabajoextra\\src\\app.js": {"path":"C:\\Users\\Usuario\\Documents\\VMRC-DWES\\t1\\ej20-api-security\\ejercicios\\trabajoextra\\src\\app.js","statementMap":{"0":{"start":{"line":8,"column":12},"end":{"line":8,"column":21}},"1":{"start":{"line":11,"column":0},"end":{"line":11,"column":24}},"2":{"start":{"line":12,"column":0},"end":{"line":16,"column":4}},"3":{"start":{"line":14,"column":26},"end":{"line":14,"column":53}},"4":{"start":{"line":19,"column":0},"end":{"line":19,"column":35}},"5":{"start":{"line":20,"column":0},"end":{"line":20,"column":33}},"6":{"start":{"line":23,"column":0},"end":{"line":23,"column":22}}},"fnMap":{"0":{"name":"(anonymous_0)","decl":{"start":{"line":14,"column":15},"end":{"line":14,"column":16}},"loc":{"start":{"line":14,"column":26},"end":{"line":14,"column":53}},"line":14}},"branchMap":{},"s":{"0":2,"1":2,"2":2,"3":11,"4":2,"5":2,"6":2},"f":{"0":11},"b":{},"_coverageSchema":"1a1c01bbd47fc00a2c39e90264f33305004495a9","hash":"f07d284eb9723fc9e5178e287d304e64ff4f058a"}
,"C:\\Users\\Usuario\\Documents\\VMRC-DWES\\t1\\ej20-api-security\\ejercicios\\trabajoextra\\src\\controllers\\auth.controller.js": {"path":"C:\\Users\\Usuario\\Documents\\VMRC-DWES\\t1\\ej20-api-security\\ejercicios\\trabajoextra\\src\\controllers\\auth.controller.js","statementMap":{"0":{"start":{"line":4,"column":21},"end":{"line":50,"column":1}},"1":{"start":{"line":5,"column":33},"end":{"line":5,"column":41}},"2":{"start":{"line":7,"column":20},"end":{"line":7,"column":42}},"3":{"start":{"line":8,"column":20},"end":{"line":8,"column":42}},"4":{"start":{"line":9,"column":20},"end":{"line":9,"column":42}},"5":{"start":{"line":10,"column":21},"end":{"line":10,"column":55}},"6":{"start":{"line":12,"column":2},"end":{"line":13,"column":61}},"7":{"start":{"line":13,"column":4},"end":{"line":13,"column":61}},"8":{"start":{"line":15,"column":2},"end":{"line":18,"column":3}},"9":{"start":{"line":16,"column":4},"end":{"line":16,"column":43}},"10":{"start":{"line":17,"column":4},"end":{"line":17,"column":84}},"11":{"start":{"line":21,"column":2},"end":{"line":22,"column":81}},"12":{"start":{"line":22,"column":4},"end":{"line":22,"column":81}},"13":{"start":{"line":24,"column":24},"end":{"line":24,"column":29}},"14":{"start":{"line":25,"column":2},"end":{"line":36,"column":3}},"15":{"start":{"line":27,"column":4},"end":{"line":32,"column":5}},"16":{"start":{"line":28,"column":6},"end":{"line":28,"column":66}},"17":{"start":{"line":31,"column":6},"end":{"line":31,"column":47}},"18":{"start":{"line":34,"column":4},"end":{"line":34,"column":56}},"19":{"start":{"line":35,"column":4},"end":{"line":35,"column":62}},"20":{"start":{"line":38,"column":2},"end":{"line":39,"column":81}},"21":{"start":{"line":39,"column":4},"end":{"line":39,"column":81}},"22":{"start":{"line":42,"column":2},"end":{"line":47,"column":3}},"23":{"start":{"line":43,"column":4},"end":{"line":43,"column":99}},"24":{"start":{"line":45,"column":4},"end":{"line":45,"column":46}},"25":{"start":{"line":46,"column":4},"end":{"line":46,"column":62}},"26":{"start":{"line":49,"column":2},"end":{"line":49,"column":79}},"27":{"start":{"line":53,"column":25},"end":{"line":93,"column":1}},"28":{"start":{"line":54,"column":33},"end":{"line":54,"column":41}},"29":{"start":{"line":56,"column":20},"end":{"line":56,"column":42}},"30":{"start":{"line":57,"column":20},"end":{"line":57,"column":42}},"31":{"start":{"line":58,"column":20},"end":{"line":58,"column":42}},"32":{"start":{"line":59,"column":21},"end":{"line":59,"column":55}},"33":{"start":{"line":61,"column":2},"end":{"line":62,"column":61}},"34":{"start":{"line":62,"column":4},"end":{"line":62,"column":61}},"35":{"start":{"line":64,"column":2},"end":{"line":67,"column":3}},"36":{"start":{"line":65,"column":4},"end":{"line":65,"column":43}},"37":{"start":{"line":66,"column":4},"end":{"line":66,"column":84}},"38":{"start":{"line":69,"column":24},"end":{"line":69,"column":29}},"39":{"start":{"line":70,"column":2},"end":{"line":79,"column":3}},"40":{"start":{"line":71,"column":4},"end":{"line":75,"column":5}},"41":{"start":{"line":72,"column":6},"end":{"line":72,"column":66}},"42":{"start":{"line":74,"column":6},"end":{"line":74,"column":47}},"43":{"start":{"line":77,"column":4},"end":{"line":77,"column":56}},"44":{"start":{"line":78,"column":4},"end":{"line":78,"column":62}},"45":{"start":{"line":81,"column":2},"end":{"line":82,"column":81}},"46":{"start":{"line":82,"column":4},"end":{"line":82,"column":81}},"47":{"start":{"line":85,"column":2},"end":{"line":90,"column":3}},"48":{"start":{"line":86,"column":4},"end":{"line":86,"column":99}},"49":{"start":{"line":88,"column":4},"end":{"line":88,"column":46}},"50":{"start":{"line":89,"column":4},"end":{"line":89,"column":62}},"51":{"start":{"line":92,"column":2},"end":{"line":92,"column":38}}},"fnMap":{"0":{"name":"(anonymous_0)","decl":{"start":{"line":4,"column":21},"end":{"line":4,"column":22}},"loc":{"start":{"line":4,"column":41},"end":{"line":50,"column":1}},"line":4},"1":{"name":"(anonymous_1)","decl":{"start":{"line":53,"column":25},"end":{"line":53,"column":26}},"loc":{"start":{"line":53,"column":45},"end":{"line":93,"column":1}},"line":53}},"branchMap":{"0":{"loc":{"start":{"line":10,"column":21},"end":{"line":10,"column":55}},"type":"binary-expr","locations":[{"start":{"line":10,"column":21},"end":{"line":10,"column":47}},{"start":{"line":10,"column":51},"end":{"line":10,"column":55}}],"line":10},"1":{"loc":{"start":{"line":12,"column":2},"end":{"line":13,"column":61}},"type":"if","locations":[{"start":{"line":12,"column":2},"end":{"line":13,"column":61}},{"start":{},"end":{}}],"line":12},"2":{"loc":{"start":{"line":12,"column":6},"end":{"line":12,"column":28}},"type":"binary-expr","locations":[{"start":{"line":12,"column":6},"end":{"line":12,"column":15}},{"start":{"line":12,"column":19},"end":{"line":12,"column":28}}],"line":12},"3":{"loc":{"start":{"line":15,"column":2},"end":{"line":18,"column":3}},"type":"if","locations":[{"start":{"line":15,"column":2},"end":{"line":18,"column":3}},{"start":{},"end":{}}],"line":15},"4":{"loc":{"start":{"line":15,"column":6},"end":{"line":15,"column":44}},"type":"binary-expr","locations":[{"start":{"line":15,"column":6},"end":{"line":15,"column":16}},{"start":{"line":15,"column":20},"end":{"line":15,"column":30}},{"start":{"line":15,"column":34},"end":{"line":15,"column":44}}],"line":15},"5":{"loc":{"start":{"line":21,"column":2},"end":{"line":22,"column":81}},"type":"if","locations":[{"start":{"line":21,"column":2},"end":{"line":22,"column":81}},{"start":{},"end":{}}],"line":21},"6":{"loc":{"start":{"line":27,"column":4},"end":{"line":32,"column":5}},"type":"if","locations":[{"start":{"line":27,"column":4},"end":{"line":32,"column":5}},{"start":{"line":29,"column":11},"end":{"line":32,"column":5}}],"line":27},"7":{"loc":{"start":{"line":27,"column":8},"end":{"line":27,"column":67}},"type":"binary-expr","locations":[{"start":{"line":27,"column":8},"end":{"line":27,"column":37}},{"start":{"line":27,"column":41},"end":{"line":27,"column":67}}],"line":27},"8":{"loc":{"start":{"line":38,"column":2},"end":{"line":39,"column":81}},"type":"if","locations":[{"start":{"line":38,"column":2},"end":{"line":39,"column":81}},{"start":{},"end":{}}],"line":38},"9":{"loc":{"start":{"line":59,"column":21},"end":{"line":59,"column":55}},"type":"binary-expr","locations":[{"start":{"line":59,"column":21},"end":{"line":59,"column":47}},{"start":{"line":59,"column":51},"end":{"line":59,"column":55}}],"line":59},"10":{"loc":{"start":{"line":61,"column":2},"end":{"line":62,"column":61}},"type":"if","locations":[{"start":{"line":61,"column":2},"end":{"line":62,"column":61}},{"start":{},"end":{}}],"line":61},"11":{"loc":{"start":{"line":61,"column":6},"end":{"line":61,"column":28}},"type":"binary-expr","locations":[{"start":{"line":61,"column":6},"end":{"line":61,"column":15}},{"start":{"line":61,"column":19},"end":{"line":61,"column":28}}],"line":61},"12":{"loc":{"start":{"line":64,"column":2},"end":{"line":67,"column":3}},"type":"if","locations":[{"start":{"line":64,"column":2},"end":{"line":67,"column":3}},{"start":{},"end":{}}],"line":64},"13":{"loc":{"start":{"line":64,"column":6},"end":{"line":64,"column":44}},"type":"binary-expr","locations":[{"start":{"line":64,"column":6},"end":{"line":64,"column":16}},{"start":{"line":64,"column":20},"end":{"line":64,"column":30}},{"start":{"line":64,"column":34},"end":{"line":64,"column":44}}],"line":64},"14":{"loc":{"start":{"line":71,"column":4},"end":{"line":75,"column":5}},"type":"if","locations":[{"start":{"line":71,"column":4},"end":{"line":75,"column":5}},{"start":{"line":73,"column":11},"end":{"line":75,"column":5}}],"line":71},"15":{"loc":{"start":{"line":71,"column":8},"end":{"line":71,"column":67}},"type":"binary-expr","locations":[{"start":{"line":71,"column":8},"end":{"line":71,"column":37}},{"start":{"line":71,"column":41},"end":{"line":71,"column":67}}],"line":71},"16":{"loc":{"start":{"line":81,"column":2},"end":{"line":82,"column":81}},"type":"if","locations":[{"start":{"line":81,"column":2},"end":{"line":82,"column":81}},{"start":{},"end":{}}],"line":81}},"s":{"0":3,"1":10,"2":10,"3":10,"4":10,"5":10,"6":10,"7":2,"8":8,"9":1,"10":1,"11":7,"12":1,"13":6,"14":6,"15":6,"16":2,"17":4,"18":1,"19":1,"20":5,"21":1,"22":4,"23":4,"24":1,"25":1,"26":3,"27":3,"28":1,"29":1,"30":1,"31":1,"32":1,"33":1,"34":0,"35":1,"36":0,"37":0,"38":1,"39":1,"40":1,"41":0,"42":1,"43":0,"44":0,"45":1,"46":0,"47":1,"48":1,"49":0,"50":0,"51":1},"f":{"0":10,"1":1},"b":{"0":[10,10],"1":[2,8],"2":[10,8],"3":[1,7],"4":[8,7,7],"5":[1,6],"6":[2,4],"7":[6,6],"8":[1,4],"9":[1,1],"10":[0,1],"11":[1,1],"12":[0,1],"13":[1,1,1],"14":[0,1],"15":[1,1],"16":[0,1]},"_coverageSchema":"1a1c01bbd47fc00a2c39e90264f33305004495a9","hash":"ee8e9065990e59d6eaf7925579f8c9cd0fd7495e"}
,"C:\\Users\\Usuario\\Documents\\VMRC-DWES\\t1\\ej20-api-security\\ejercicios\\trabajoextra\\src\\controllers\\notas.controller.js": {"path":"C:\\Users\\Usuario\\Documents\\VMRC-DWES\\t1\\ej20-api-security\\ejercicios\\trabajoextra\\src\\controllers\\notas.controller.js","statementMap":{"0":{"start":{"line":4,"column":4},"end":{"line":4,"column":36}},"1":{"start":{"line":8,"column":17},"end":{"line":8,"column":52}},"2":{"start":{"line":9,"column":4},"end":{"line":9,"column":76}},"3":{"start":{"line":9,"column":15},"end":{"line":9,"column":76}},"4":{"start":{"line":10,"column":4},"end":{"line":10,"column":19}},"5":{"start":{"line":14,"column":18},"end":{"line":14,"column":47}},"6":{"start":{"line":15,"column":4},"end":{"line":15,"column":32}},"7":{"start":{"line":19,"column":17},"end":{"line":19,"column":61}},"8":{"start":{"line":20,"column":4},"end":{"line":20,"column":76}},"9":{"start":{"line":20,"column":15},"end":{"line":20,"column":76}},"10":{"start":{"line":21,"column":4},"end":{"line":21,"column":19}},"11":{"start":{"line":25,"column":15},"end":{"line":25,"column":49}},"12":{"start":{"line":26,"column":4},"end":{"line":26,"column":74}},"13":{"start":{"line":26,"column":13},"end":{"line":26,"column":74}},"14":{"start":{"line":27,"column":4},"end":{"line":27,"column":27}}},"fnMap":{"0":{"name":"getAll","decl":{"start":{"line":3,"column":16},"end":{"line":3,"column":22}},"loc":{"start":{"line":3,"column":33},"end":{"line":5,"column":1}},"line":3},"1":{"name":"getById","decl":{"start":{"line":7,"column":16},"end":{"line":7,"column":23}},"loc":{"start":{"line":7,"column":34},"end":{"line":11,"column":1}},"line":7},"2":{"name":"create","decl":{"start":{"line":13,"column":16},"end":{"line":13,"column":22}},"loc":{"start":{"line":13,"column":33},"end":{"line":16,"column":1}},"line":13},"3":{"name":"update","decl":{"start":{"line":18,"column":16},"end":{"line":18,"column":22}},"loc":{"start":{"line":18,"column":33},"end":{"line":22,"column":1}},"line":18},"4":{"name":"remove","decl":{"start":{"line":24,"column":16},"end":{"line":24,"column":22}},"loc":{"start":{"line":24,"column":33},"end":{"line":28,"column":1}},"line":24}},"branchMap":{"0":{"loc":{"start":{"line":9,"column":4},"end":{"line":9,"column":76}},"type":"if","locations":[{"start":{"line":9,"column":4},"end":{"line":9,"column":76}},{"start":{},"end":{}}],"line":9},"1":{"loc":{"start":{"line":20,"column":4},"end":{"line":20,"column":76}},"type":"if","locations":[{"start":{"line":20,"column":4},"end":{"line":20,"column":76}},{"start":{},"end":{}}],"line":20},"2":{"loc":{"start":{"line":26,"column":4},"end":{"line":26,"column":74}},"type":"if","locations":[{"start":{"line":26,"column":4},"end":{"line":26,"column":74}},{"start":{},"end":{}}],"line":26}},"s":{"0":1,"1":2,"2":2,"3":1,"4":1,"5":1,"6":1,"7":1,"8":1,"9":0,"10":1,"11":1,"12":1,"13":0,"14":1},"f":{"0":1,"1":2,"2":1,"3":1,"4":1},"b":{"0":[1,1],"1":[0,1],"2":[0,1]},"_coverageSchema":"1a1c01bbd47fc00a2c39e90264f33305004495a9","hash":"ab43c02a7eae06d7fdbf15140270821a833fd786"}
,"C:\\Users\\Usuario\\Documents\\VMRC-DWES\\t1\\ej20-api-security\\ejercicios\\trabajoextra\\src\\middlewares\\auth.middleware.js": {"path":"C:\\Users\\Usuario\\Documents\\VMRC-DWES\\t1\\ej20-api-security\\ejercicios\\trabajoextra\\src\\middlewares\\auth.middleware.js","statementMap":{"0":{"start":{"line":3,"column":27},"end":{"line":21,"column":1}},"1":{"start":{"line":4,"column":17},"end":{"line":4,"column":42}},"2":{"start":{"line":6,"column":2},"end":{"line":7,"column":60}},"3":{"start":{"line":7,"column":4},"end":{"line":7,"column":60}},"4":{"start":{"line":9,"column":24},"end":{"line":9,"column":41}},"5":{"start":{"line":11,"column":2},"end":{"line":12,"column":67}},"6":{"start":{"line":12,"column":4},"end":{"line":12,"column":67}},"7":{"start":{"line":14,"column":2},"end":{"line":20,"column":3}},"8":{"start":{"line":15,"column":21},"end":{"line":15,"column":62}},"9":{"start":{"line":16,"column":4},"end":{"line":16,"column":24}},"10":{"start":{"line":17,"column":4},"end":{"line":17,"column":11}},"11":{"start":{"line":19,"column":4},"end":{"line":19,"column":74}},"12":{"start":{"line":23,"column":25},"end":{"line":28,"column":1}},"13":{"start":{"line":24,"column":2},"end":{"line":25,"column":71}},"14":{"start":{"line":25,"column":4},"end":{"line":25,"column":71}},"15":{"start":{"line":27,"column":2},"end":{"line":27,"column":9}}},"fnMap":{"0":{"name":"(anonymous_0)","decl":{"start":{"line":3,"column":27},"end":{"line":3,"column":28}},"loc":{"start":{"line":3,"column":47},"end":{"line":21,"column":1}},"line":3},"1":{"name":"(anonymous_1)","decl":{"start":{"line":23,"column":25},"end":{"line":23,"column":26}},"loc":{"start":{"line":23,"column":45},"end":{"line":28,"column":1}},"line":23}},"branchMap":{"0":{"loc":{"start":{"line":6,"column":2},"end":{"line":7,"column":60}},"type":"if","locations":[{"start":{"line":6,"column":2},"end":{"line":7,"column":60}},{"start":{},"end":{}}],"line":6},"1":{"loc":{"start":{"line":11,"column":2},"end":{"line":12,"column":67}},"type":"if","locations":[{"start":{"line":11,"column":2},"end":{"line":12,"column":67}},{"start":{},"end":{}}],"line":11},"2":{"loc":{"start":{"line":24,"column":2},"end":{"line":25,"column":71}},"type":"if","locations":[{"start":{"line":24,"column":2},"end":{"line":25,"column":71}},{"start":{},"end":{}}],"line":24}},"s":{"0":2,"1":10,"2":10,"3":1,"4":9,"5":9,"6":1,"7":8,"8":8,"9":7,"10":7,"11":1,"12":2,"13":2,"14":1,"15":1},"f":{"0":10,"1":2},"b":{"0":[1,9],"1":[1,8],"2":[1,1]},"_coverageSchema":"1a1c01bbd47fc00a2c39e90264f33305004495a9","hash":"0f93f71d03712c3ac2971c0b429c69bcff0860a9"}
,"C:\\Users\\Usuario\\Documents\\VMRC-DWES\\t1\\ej20-api-security\\ejercicios\\trabajoextra\\src\\middlewares\\errorHandler.js": {"path":"C:\\Users\\Usuario\\Documents\\VMRC-DWES\\t1\\ej20-api-security\\ejercicios\\trabajoextra\\src\\middlewares\\errorHandler.js","statementMap":{"0":{"start":{"line":6,"column":4},"end":{"line":6,"column":70}},"1":{"start":{"line":9,"column":4},"end":{"line":11,"column":7}}},"fnMap":{"0":{"name":"errorHandler","decl":{"start":{"line":4,"column":24},"end":{"line":4,"column":36}},"loc":{"start":{"line":4,"column":58},"end":{"line":12,"column":1}},"line":4}},"branchMap":{"0":{"loc":{"start":{"line":9,"column":15},"end":{"line":9,"column":32}},"type":"binary-expr","locations":[{"start":{"line":9,"column":15},"end":{"line":9,"column":25}},{"start":{"line":9,"column":29},"end":{"line":9,"column":32}}],"line":9},"1":{"loc":{"start":{"line":10,"column":15},"end":{"line":10,"column":58}},"type":"binary-expr","locations":[{"start":{"line":10,"column":15},"end":{"line":10,"column":26}},{"start":{"line":10,"column":30},"end":{"line":10,"column":58}}],"line":10}},"s":{"0":1,"1":1},"f":{"0":1},"b":{"0":[1,0],"1":[1,0]},"_coverageSchema":"1a1c01bbd47fc00a2c39e90264f33305004495a9","hash":"9dd9319a68104adcc364ce2f8bb35cd590a7c37c"}
,"C:\\Users\\Usuario\\Documents\\VMRC-DWES\\t1\\ej20-api-security\\ejercicios\\trabajoextra\\src\\routes\\auth.routes.js": {"path":"C:\\Users\\Usuario\\Documents\\VMRC-DWES\\t1\\ej20-api-security\\ejercicios\\trabajoextra\\src\\routes\\auth.routes.js","statementMap":{"0":{"start":{"line":4,"column":15},"end":{"line":4,"column":23}},"1":{"start":{"line":6,"column":0},"end":{"line":6,"column":29}},"2":{"start":{"line":7,"column":0},"end":{"line":7,"column":33}}},"fnMap":{},"branchMap":{},"s":{"0":2,"1":2,"2":2},"f":{},"b":{},"_coverageSchema":"1a1c01bbd47fc00a2c39e90264f33305004495a9","hash":"4fc4a10c454cc27c3f82232b890bd59fd2750100"}
,"C:\\Users\\Usuario\\Documents\\VMRC-DWES\\t1\\ej20-api-security\\ejercicios\\trabajoextra\\src\\routes\\notas.routes.js": {"path":"C:\\Users\\Usuario\\Documents\\VMRC-DWES\\t1\\ej20-api-security\\ejercicios\\trabajoextra\\src\\routes\\notas.routes.js","statementMap":{"0":{"start":{"line":5,"column":15},"end":{"line":5,"column":23}},"1":{"start":{"line":8,"column":0},"end":{"line":8,"column":37}},"2":{"start":{"line":11,"column":0},"end":{"line":11,"column":41}},"3":{"start":{"line":14,"column":0},"end":{"line":14,"column":38}},"4":{"start":{"line":17,"column":0},"end":{"line":17,"column":40}},"5":{"start":{"line":20,"column":0},"end":{"line":20,"column":43}}},"fnMap":{},"branchMap":{},"s":{"0":2,"1":2,"2":2,"3":2,"4":2,"5":2},"f":{},"b":{},"_coverageSchema":"1a1c01bbd47fc00a2c39e90264f33305004495a9","hash":"7f90e63f8d33f902bc14eb1b0f4c8d0ac7873537"}
,"C:\\Users\\Usuario\\Documents\\VMRC-DWES\\t1\\ej20-api-security\\ejercicios\\trabajoextra\\src\\services\\notas.service.js": {"path":"C:\\Users\\Usuario\\Documents\\VMRC-DWES\\t1\\ej20-api-security\\ejercicios\\trabajoextra\\src\\services\\notas.service.js","statementMap":{"0":{"start":{"line":4,"column":4},"end":{"line":4,"column":25}},"1":{"start":{"line":8,"column":18},"end":{"line":8,"column":31}},"2":{"start":{"line":9,"column":4},"end":{"line":9,"column":39}},"3":{"start":{"line":9,"column":27},"end":{"line":9,"column":37}},"4":{"start":{"line":13,"column":18},"end":{"line":13,"column":31}},"5":{"start":{"line":14,"column":18},"end":{"line":14,"column":45}},"6":{"start":{"line":15,"column":4},"end":{"line":15,"column":22}},"7":{"start":{"line":16,"column":4},"end":{"line":16,"column":24}},"8":{"start":{"line":17,"column":4},"end":{"line":17,"column":17}},"9":{"start":{"line":21,"column":18},"end":{"line":21,"column":31}},"10":{"start":{"line":22,"column":18},"end":{"line":22,"column":50}},"11":{"start":{"line":22,"column":39},"end":{"line":22,"column":49}},"12":{"start":{"line":23,"column":4},"end":{"line":23,"column":34}},"13":{"start":{"line":23,"column":22},"end":{"line":23,"column":34}},"14":{"start":{"line":25,"column":4},"end":{"line":25,"column":48}},"15":{"start":{"line":26,"column":4},"end":{"line":26,"column":24}},"16":{"start":{"line":27,"column":4},"end":{"line":27,"column":24}},"17":{"start":{"line":31,"column":18},"end":{"line":31,"column":31}},"18":{"start":{"line":32,"column":19},"end":{"line":32,"column":48}},"19":{"start":{"line":32,"column":37},"end":{"line":32,"column":47}},"20":{"start":{"line":33,"column":4},"end":{"line":33,"column":53}},"21":{"start":{"line":33,"column":40},"end":{"line":33,"column":53}},"22":{"start":{"line":35,"column":4},"end":{"line":35,"column":25}},"23":{"start":{"line":36,"column":4},"end":{"line":36,"column":16}}},"fnMap":{"0":{"name":"getAll","decl":{"start":{"line":3,"column":16},"end":{"line":3,"column":22}},"loc":{"start":{"line":3,"column":25},"end":{"line":5,"column":1}},"line":3},"1":{"name":"getById","decl":{"start":{"line":7,"column":16},"end":{"line":7,"column":23}},"loc":{"start":{"line":7,"column":28},"end":{"line":10,"column":1}},"line":7},"2":{"name":"(anonymous_2)","decl":{"start":{"line":9,"column":22},"end":{"line":9,"column":23}},"loc":{"start":{"line":9,"column":27},"end":{"line":9,"column":37}},"line":9},"3":{"name":"create","decl":{"start":{"line":12,"column":16},"end":{"line":12,"column":22}},"loc":{"start":{"line":12,"column":29},"end":{"line":18,"column":1}},"line":12},"4":{"name":"update","decl":{"start":{"line":20,"column":16},"end":{"line":20,"column":22}},"loc":{"start":{"line":20,"column":33},"end":{"line":28,"column":1}},"line":20},"5":{"name":"(anonymous_5)","decl":{"start":{"line":22,"column":34},"end":{"line":22,"column":35}},"loc":{"start":{"line":22,"column":39},"end":{"line":22,"column":49}},"line":22},"6":{"name":"remove","decl":{"start":{"line":30,"column":16},"end":{"line":30,"column":22}},"loc":{"start":{"line":30,"column":27},"end":{"line":37,"column":1}},"line":30},"7":{"name":"(anonymous_7)","decl":{"start":{"line":32,"column":32},"end":{"line":32,"column":33}},"loc":{"start":{"line":32,"column":37},"end":{"line":32,"column":47}},"line":32}},"branchMap":{"0":{"loc":{"start":{"line":23,"column":4},"end":{"line":23,"column":34}},"type":"if","locations":[{"start":{"line":23,"column":4},"end":{"line":23,"column":34}},{"start":{},"end":{}}],"line":23},"1":{"loc":{"start":{"line":33,"column":4},"end":{"line":33,"column":53}},"type":"if","locations":[{"start":{"line":33,"column":4},"end":{"line":33,"column":53}},{"start":{},"end":{}}],"line":33}},"s":{"0":1,"1":2,"2":2,"3":9,"4":1,"5":1,"6":1,"7":1,"8":1,"9":1,"10":1,"11":5,"12":1,"13":0,"14":1,"15":1,"16":1,"17":1,"18":1,"19":5,"20":1,"21":0,"22":1,"23":1},"f":{"0":1,"1":2,"2":9,"3":1,"4":1,"5":5,"6":1,"7":5},"b":{"0":[0,1],"1":[0,1]},"_coverageSchema":"1a1c01bbd47fc00a2c39e90264f33305004495a9","hash":"48b313e99f0214cf69f9ebb332324b9532faaf77"}
,"C:\\Users\\Usuario\\Documents\\VMRC-DWES\\t1\\ej20-api-security\\ejercicios\\trabajoextra\\src\\utils\\fileManager.js": {"path":"C:\\Users\\Usuario\\Documents\\VMRC-DWES\\t1\\ej20-api-security\\ejercicios\\trabajoextra\\src\\utils\\fileManager.js","statementMap":{"0":{"start":{"line":3,"column":13},"end":{"line":3,"column":36}},"1":{"start":{"line":6,"column":4},"end":{"line":11,"column":5}},"2":{"start":{"line":7,"column":21},"end":{"line":7,"column":50}},"3":{"start":{"line":8,"column":8},"end":{"line":8,"column":32}},"4":{"start":{"line":10,"column":8},"end":{"line":10,"column":18}},"5":{"start":{"line":15,"column":4},"end":{"line":15,"column":59}}},"fnMap":{"0":{"name":"cargarNotas","decl":{"start":{"line":5,"column":16},"end":{"line":5,"column":27}},"loc":{"start":{"line":5,"column":30},"end":{"line":12,"column":1}},"line":5},"1":{"name":"guardarNotas","decl":{"start":{"line":14,"column":16},"end":{"line":14,"column":28}},"loc":{"start":{"line":14,"column":36},"end":{"line":16,"column":1}},"line":14}},"branchMap":{},"s":{"0":3,"1":8,"2":8,"3":7,"4":1,"5":4},"f":{"0":8,"1":4},"b":{},"_coverageSchema":"1a1c01bbd47fc00a2c39e90264f33305004495a9","hash":"68079b94b2947c76e74549d50302e1b5a9c2e51f"}
,"C:\\Users\\Usuario\\Documents\\VMRC-DWES\\t1\\ej20-api-security\\ejercicios\\trabajoextra\\src\\utils\\logger.js": {"path":"C:\\Users\\Usuario\\Documents\\VMRC-DWES\\t1\\ej20-api-security\\ejercicios\\trabajoextra\\src\\utils\\logger.js","statementMap":{"0":{"start":{"line":3,"column":49},"end":{"line":3,"column":63}},"1":{"start":{"line":6,"column":17},"end":{"line":8,"column":2}},"2":{"start":{"line":7,"column":4},"end":{"line":7,"column":49}},"3":{"start":{"line":10,"column":15},"end":{"line":22,"column":2}}},"fnMap":{"0":{"name":"(anonymous_0)","decl":{"start":{"line":6,"column":24},"end":{"line":6,"column":25}},"loc":{"start":{"line":6,"column":59},"end":{"line":8,"column":1}},"line":6}},"branchMap":{},"s":{"0":3,"1":3,"2":11,"3":3},"f":{"0":11},"b":{},"_coverageSchema":"1a1c01bbd47fc00a2c39e90264f33305004495a9","hash":"61b7128307eb67cac247fab220dd010d01e7e3a6"}
}
