TN:
SF:src\app.js
FN:14,(anonymous_0)
FNF:1
FNH:1
FNDA:11,(anonymous_0)
DA:8,2
DA:11,2
DA:12,2
DA:14,11
DA:19,2
DA:20,2
DA:23,2
LF:7
LH:7
BRF:0
BRH:0
end_of_record
TN:
SF:src\controllers\auth.controller.js
FN:4,(anonymous_0)
FN:53,(anonymous_1)
FNF:2
FNH:2
FNDA:10,(anonymous_0)
FNDA:1,(anonymous_1)
DA:4,3
DA:5,10
DA:7,10
DA:8,10
DA:9,10
DA:10,10
DA:12,10
DA:13,2
DA:15,8
DA:16,1
DA:17,1
DA:21,7
DA:22,1
DA:24,6
DA:25,6
DA:27,6
DA:28,2
DA:31,4
DA:34,1
DA:35,1
DA:38,5
DA:39,1
DA:42,4
DA:43,4
DA:45,1
DA:46,1
DA:49,3
DA:53,3
DA:54,1
DA:56,1
DA:57,1
DA:58,1
DA:59,1
DA:61,1
DA:62,0
DA:64,1
DA:65,0
DA:66,0
DA:69,1
DA:70,1
DA:71,1
DA:72,0
DA:74,1
DA:77,0
DA:78,0
DA:81,1
DA:82,0
DA:85,1
DA:86,1
DA:88,0
DA:89,0
DA:92,1
LF:52
LH:43
BRDA:10,0,0,10
BRDA:10,0,1,10
BRDA:12,1,0,2
BRDA:12,1,1,8
BRDA:12,2,0,10
BRDA:12,2,1,8
BRDA:15,3,0,1
BRDA:15,3,1,7
BRDA:15,4,0,8
BRDA:15,4,1,7
BRDA:15,4,2,7
BRDA:21,5,0,1
BRDA:21,5,1,6
BRDA:27,6,0,2
BRDA:27,6,1,4
BRDA:27,7,0,6
BRDA:27,7,1,6
BRDA:38,8,0,1
BRDA:38,8,1,4
BRDA:59,9,0,1
BRDA:59,9,1,1
BRDA:61,10,0,0
BRDA:61,10,1,1
BRDA:61,11,0,1
BRDA:61,11,1,1
BRDA:64,12,0,0
BRDA:64,12,1,1
BRDA:64,13,0,1
BRDA:64,13,1,1
BRDA:64,13,2,1
BRDA:71,14,0,0
BRDA:71,14,1,1
BRDA:71,15,0,1
BRDA:71,15,1,1
BRDA:81,16,0,0
BRDA:81,16,1,1
BRF:36
BRH:32
end_of_record
TN:
SF:src\controllers\notas.controller.js
FN:3,getAll
FN:7,getById
FN:13,create
FN:18,update
FN:24,remove
FNF:5
FNH:5
FNDA:1,getAll
FNDA:2,getById
FNDA:1,create
FNDA:1,update
FNDA:1,remove
DA:4,1
DA:8,2
DA:9,2
DA:10,1
DA:14,1
DA:15,1
DA:19,1
DA:20,1
DA:21,1
DA:25,1
DA:26,1
DA:27,1
LF:12
LH:12
BRDA:9,0,0,1
BRDA:9,0,1,1
BRDA:20,1,0,0
BRDA:20,1,1,1
BRDA:26,2,0,0
BRDA:26,2,1,1
BRF:6
BRH:4
end_of_record
TN:
SF:src\middlewares\auth.middleware.js
FN:3,(anonymous_0)
FN:23,(anonymous_1)
FNF:2
FNH:2
FNDA:10,(anonymous_0)
FNDA:2,(anonymous_1)
DA:3,2
DA:4,10
DA:6,10
DA:7,1
DA:9,9
DA:11,9
DA:12,1
DA:14,8
DA:15,8
DA:16,7
DA:17,7
DA:19,1
DA:23,2
DA:24,2
DA:25,1
DA:27,1
LF:16
LH:16
BRDA:6,0,0,1
BRDA:6,0,1,9
BRDA:11,1,0,1
BRDA:11,1,1,8
BRDA:24,2,0,1
BRDA:24,2,1,1
BRF:6
BRH:6
end_of_record
TN:
SF:src\middlewares\errorHandler.js
FN:4,errorHandler
FNF:1
FNH:1
FNDA:1,errorHandler
DA:6,1
DA:9,1
LF:2
LH:2
BRDA:9,0,0,1
BRDA:9,0,1,0
BRDA:10,1,0,1
BRDA:10,1,1,0
BRF:4
BRH:2
end_of_record
TN:
SF:src\routes\auth.routes.js
FNF:0
FNH:0
DA:4,2
DA:6,2
DA:7,2
LF:3
LH:3
BRF:0
BRH:0
end_of_record
TN:
SF:src\routes\notas.routes.js
FNF:0
FNH:0
DA:5,2
DA:8,2
DA:11,2
DA:14,2
DA:17,2
DA:20,2
LF:6
LH:6
BRF:0
BRH:0
end_of_record
TN:
SF:src\services\notas.service.js
FN:3,getAll
FN:7,getById
FN:9,(anonymous_2)
FN:12,create
FN:20,update
FN:22,(anonymous_5)
FN:30,remove
FN:32,(anonymous_7)
FNF:8
FNH:8
FNDA:1,getAll
FNDA:2,getById
FNDA:9,(anonymous_2)
FNDA:1,create
FNDA:1,update
FNDA:5,(anonymous_5)
FNDA:1,remove
FNDA:5,(anonymous_7)
DA:4,1
DA:8,2
DA:9,9
DA:13,1
DA:14,1
DA:15,1
DA:16,1
DA:17,1
DA:21,1
DA:22,5
DA:23,1
DA:25,1
DA:26,1
DA:27,1
DA:31,1
DA:32,5
DA:33,1
DA:35,1
DA:36,1
LF:19
LH:19
BRDA:23,0,0,0
BRDA:23,0,1,1
BRDA:33,1,0,0
BRDA:33,1,1,1
BRF:4
BRH:2
end_of_record
TN:
SF:src\utils\fileManager.js
FN:5,cargarNotas
FN:14,guardarNotas
FNF:2
FNH:2
FNDA:8,cargarNotas
FNDA:4,guardarNotas
DA:3,3
DA:6,8
DA:7,8
DA:8,7
DA:10,1
DA:15,4
LF:6
LH:6
BRF:0
BRH:0
end_of_record
TN:
SF:src\utils\logger.js
FN:6,(anonymous_0)
FNF:1
FNH:1
FNDA:11,(anonymous_0)
DA:3,3
DA:6,3
DA:7,11
DA:10,3
LF:4
LH:4
BRF:0
BRH:0
end_of_record
